15:39:16.540 [main] DEBUG - Save part 'xl/sharedStrings.xml'
15:39:16.555 [main] DEBUG - Save part 'xl/styles.xml'
15:39:16.556 [main] DEBUG - Save part 'xl/theme/theme1.xml'
15:39:16.557 [main] DEBUG - Save part 'xl/workbook.xml'
15:39:16.559 [main] DEBUG - Save part 'xl/worksheets/sheet1.xml'
15:39:16.560 [main] DEBUG - Save part 'xl/worksheets/sheet2.xml'
15:39:16.560 [main] DEBUG - Save part 'xl/worksheets/sheet3.xml'
15:39:16.560 [main] DEBUG - Save part 'xl/worksheets/sheet4.xml'
15:39:16.595 [main] DEBUG - Parsing relationship: /xl/_rels/workbook.xml.rels
15:39:16.595 [main] DEBUG - Parsing relationship: /_rels/.rels
15:39:16.640 [main] DEBUG - Save content types part
15:39:16.642 [main] DEBUG - Save package relationships
15:39:16.645 [main] DEBUG - Save part 'docProps/app.xml'
15:39:16.645 [main] DEBUG - Save part 'docProps/core.xml'
15:39:16.648 [main] DEBUG - Save part 'xl/sharedStrings.xml'
15:39:16.648 [main] DEBUG - Save part 'xl/styles.xml'
15:39:16.648 [main] DEBUG - Save part 'xl/theme/theme1.xml'
15:39:16.649 [main] DEBUG - Save part 'xl/workbook.xml'
15:39:16.651 [main] DEBUG - Save part 'xl/worksheets/sheet1.xml'
15:39:16.651 [main] DEBUG - Save part 'xl/worksheets/sheet2.xml'
15:39:16.652 [main] DEBUG - Save part 'xl/worksheets/sheet3.xml'
15:39:16.652 [main] DEBUG - Save part 'xl/worksheets/sheet4.xml'
15:39:16.713 [main] DEBUG - Parsing relationship: /xl/_rels/workbook.xml.rels
15:39:16.716 [main] DEBUG - Parsing relationship: /_rels/.rels
15:39:16.784 [main] DEBUG - Save content types part
15:39:16.786 [main] DEBUG - Save package relationships
15:39:16.787 [main] DEBUG - Save part 'docProps/app.xml'
15:39:16.788 [main] DEBUG - Save part 'docProps/core.xml'
15:39:16.790 [main] DEBUG - Save part 'xl/sharedStrings.xml'
15:39:16.790 [main] DEBUG - Save part 'xl/styles.xml'
15:39:16.790 [main] DEBUG - Save part 'xl/theme/theme1.xml'
15:39:16.791 [main] DEBUG - Save part 'xl/workbook.xml'
15:39:16.793 [main] DEBUG - Save part 'xl/worksheets/sheet1.xml'
15:39:16.793 [main] DEBUG - Save part 'xl/worksheets/sheet2.xml'
15:39:16.793 [main] DEBUG - Save part 'xl/worksheets/sheet3.xml'
15:39:16.793 [main] DEBUG - Save part 'xl/worksheets/sheet4.xml'
15:39:16.842 [main] DEBUG - Parsing relationship: /xl/_rels/workbook.xml.rels
15:39:16.842 [main] DEBUG - Parsing relationship: /_rels/.rels
15:39:16.871 [main] DEBUG - Save content types part
15:39:16.873 [main] DEBUG - Save package relationships
15:39:16.875 [main] DEBUG - Save part 'docProps/app.xml'
15:39:16.875 [main] DEBUG - Save part 'docProps/core.xml'
15:39:16.877 [main] DEBUG - Save part 'xl/sharedStrings.xml'
15:39:16.877 [main] DEBUG - Save part 'xl/styles.xml'
15:39:16.877 [main] DEBUG - Save part 'xl/theme/theme1.xml'
15:39:16.878 [main] DEBUG - Save part 'xl/workbook.xml'
15:39:16.879 [main] DEBUG - Save part 'xl/worksheets/sheet1.xml'
15:39:16.880 [main] DEBUG - Save part 'xl/worksheets/sheet2.xml'
15:39:16.880 [main] DEBUG - Save part 'xl/worksheets/sheet3.xml'
15:39:16.880 [main] DEBUG - Save part 'xl/worksheets/sheet4.xml'
15:39:16.881 [main] INFO  - **** Finished TC_002_UsedCar ****
15:39:33.160 [main] INFO  - **** Starting TC_001_UpcomingBike ****
15:39:33.160 [main] INFO  - clicking on  New Bikes 
15:39:38.403 [main] INFO  - Selecting Upcoming Bikes
15:40:10.978 [main] INFO  - checking Honda upcoming Bikes page is displayed or not
15:40:11.000 [main] INFO  - checking all honda bikes names are there or not
15:40:11.040 [main] INFO  - checking all honda bikes prices are there or not
15:40:11.071 [main] INFO  - checking all honda bikes expected dates are there or not
15:40:11.109 [main] INFO  - Displaying bikes details
15:40:13.426 [main] DEBUG - Parsing relationship: /xl/_rels/workbook.xml.rels
15:40:13.427 [main] DEBUG - Parsing relationship: /_rels/.rels
15:40:13.448 [main] DEBUG - Save content types part
15:40:13.449 [main] DEBUG - Save package relationships
15:40:13.451 [main] DEBUG - Save part 'docProps/app.xml'
15:40:13.451 [main] DEBUG - Save part 'docProps/core.xml'
15:40:13.452 [main] DEBUG - Save part 'xl/sharedStrings.xml'
15:40:13.453 [main] DEBUG - Save part 'xl/styles.xml'
15:40:13.453 [main] DEBUG - Save part 'xl/theme/theme1.xml'
15:40:13.453 [main] DEBUG - Save part 'xl/workbook.xml'
15:40:13.455 [main] DEBUG - Save part 'xl/worksheets/sheet1.xml'
15:40:13.455 [main] DEBUG - Save part 'xl/worksheets/sheet2.xml'
15:40:13.455 [main] DEBUG - Save part 'xl/worksheets/sheet3.xml'
15:40:13.455 [main] DEBUG - Save part 'xl/worksheets/sheet4.xml'
15:40:13.478 [main] DEBUG - Parsing relationship: /xl/_rels/workbook.xml.rels
15:40:13.479 [main] DEBUG - Parsing relationship: /_rels/.rels
15:40:13.497 [main] DEBUG - Save content types part
15:40:13.499 [main] DEBUG - Save package relationships
15:40:13.499 [main] DEBUG - Save part 'docProps/app.xml'
15:40:13.500 [main] DEBUG - Save part 'docProps/core.xml'
15:40:13.500 [main] DEBUG - Save part 'xl/sharedStrings.xml'
15:40:13.501 [main] DEBUG - Save part 'xl/styles.xml'
15:40:13.501 [main] DEBUG - Save part 'xl/theme/theme1.xml'
15:40:13.501 [main] DEBUG - Save part 'xl/workbook.xml'
15:40:13.502 [main] DEBUG - Save part 'xl/worksheets/sheet1.xml'
15:40:13.502 [main] DEBUG - Save part 'xl/worksheets/sheet2.xml'
15:40:13.502 [main] DEBUG - Save part 'xl/worksheets/sheet3.xml'
15:40:13.502 [main] DEBUG - Save part 'xl/worksheets/sheet4.xml'
15:40:13.519 [main] DEBUG - Parsing relationship: /xl/_rels/workbook.xml.rels
15:40:13.520 [main] DEBUG - Parsing relationship: /_rels/.rels
15:40:13.539 [main] DEBUG - Save content types part
15:40:13.540 [main] DEBUG - Save package relationships
15:40:13.541 [main] DEBUG - Save part 'docProps/app.xml'
15:40:13.541 [main] DEBUG - Save part 'docProps/core.xml'
15:40:13.542 [main] DEBUG - Save part 'xl/sharedStrings.xml'
15:40:13.542 [main] DEBUG - Save part 'xl/styles.xml'
15:40:13.542 [main] DEBUG - Save part 'xl/theme/theme1.xml'
15:40:13.542 [main] DEBUG - Save part 'xl/workbook.xml'
15:40:13.543 [main] DEBUG - Save part 'xl/worksheets/sheet1.xml'
15:40:13.543 [main] DEBUG - Save part 'xl/worksheets/sheet2.xml'
15:40:13.543 [main] DEBUG - Save part 'xl/worksheets/sheet3.xml'
15:40:13.544 [main] DEBUG - Save part 'xl/worksheets/sheet4.xml'
15:40:13.737 [main] DEBUG - Parsing relationship: /xl/_rels/workbook.xml.rels
15:40:13.738 [main] DEBUG - Parsing relationship: /_rels/.rels
15:40:13.771 [main] DEBUG - Save content types part
15:40:13.773 [main] DEBUG - Save package relationships
15:40:13.774 [main] DEBUG - Save part 'docProps/app.xml'
15:40:13.774 [main] DEBUG - Save part 'docProps/core.xml'
15:40:13.775 [main] DEBUG - Save part 'xl/sharedStrings.xml'
15:40:13.775 [main] DEBUG - Save part 'xl/styles.xml'
15:40:13.775 [main] DEBUG - Save part 'xl/theme/theme1.xml'
15:40:13.775 [main] DEBUG - Save part 'xl/workbook.xml'
15:40:13.776 [main] DEBUG - Save part 'xl/worksheets/sheet1.xml'
15:40:13.777 [main] DEBUG - Save part 'xl/worksheets/sheet2.xml'
15:40:13.777 [main] DEBUG - Save part 'xl/worksheets/sheet3.xml'
15:40:13.777 [main] DEBUG - Save part 'xl/worksheets/sheet4.xml'
15:40:13.802 [main] DEBUG - Parsing relationship: /xl/_rels/workbook.xml.rels
15:40:13.803 [main] DEBUG - Parsing relationship: /_rels/.rels
15:40:13.825 [main] DEBUG - Save content types part
15:40:13.827 [main] DEBUG - Save package relationships
15:40:13.828 [main] DEBUG - Save part 'docProps/app.xml'
15:40:13.828 [main] DEBUG - Save part 'docProps/core.xml'
15:40:13.829 [main] DEBUG - Save part 'xl/sharedStrings.xml'
15:40:13.829 [main] DEBUG - Save part 'xl/styles.xml'
15:40:13.829 [main] DEBUG - Save part 'xl/theme/theme1.xml'
15:40:13.830 [main] DEBUG - Save part 'xl/workbook.xml'
15:40:13.831 [main] DEBUG - Save part 'xl/worksheets/sheet1.xml'
15:40:13.831 [main] DEBUG - Save part 'xl/worksheets/sheet2.xml'
15:40:13.831 [main] DEBUG - Save part 'xl/worksheets/sheet3.xml'
15:40:13.831 [main] DEBUG - Save part 'xl/worksheets/sheet4.xml'
15:40:13.853 [main] DEBUG - Parsing relationship: /xl/_rels/workbook.xml.rels
15:40:13.854 [main] DEBUG - Parsing relationship: /_rels/.rels
15:40:13.883 [main] DEBUG - Save content types part
15:40:13.884 [main] DEBUG - Save package relationships
15:40:13.886 [main] DEBUG - Save part 'docProps/app.xml'
15:40:13.886 [main] DEBUG - Save part 'docProps/core.xml'
15:40:13.888 [main] DEBUG - Save part 'xl/sharedStrings.xml'
15:40:13.888 [main] DEBUG - Save part 'xl/styles.xml'
15:40:13.888 [main] DEBUG - Save part 'xl/theme/theme1.xml'
15:40:13.889 [main] DEBUG - Save part 'xl/workbook.xml'
15:40:13.890 [main] DEBUG - Save part 'xl/worksheets/sheet1.xml'
15:40:13.890 [main] DEBUG - Save part 'xl/worksheets/sheet2.xml'
15:40:13.890 [main] DEBUG - Save part 'xl/worksheets/sheet3.xml'
15:40:13.890 [main] DEBUG - Save part 'xl/worksheets/sheet4.xml'
15:40:13.985 [main] DEBUG - Parsing relationship: /xl/_rels/workbook.xml.rels
15:40:13.986 [main] DEBUG - Parsing relationship: /_rels/.rels
15:40:14.002 [main] DEBUG - Save content types part
15:40:14.003 [main] DEBUG - Save package relationships
15:40:14.004 [main] DEBUG - Save part 'docProps/app.xml'
15:40:14.004 [main] DEBUG - Save part 'docProps/core.xml'
15:40:14.005 [main] DEBUG - Save part 'xl/sharedStrings.xml'
15:40:14.005 [main] DEBUG - Save part 'xl/styles.xml'
15:40:14.005 [main] DEBUG - Save part 'xl/theme/theme1.xml'
15:40:14.005 [main] DEBUG - Save part 'xl/workbook.xml'
15:40:14.006 [main] DEBUG - Save part 'xl/worksheets/sheet1.xml'
15:40:14.006 [main] DEBUG - Save part 'xl/worksheets/sheet2.xml'
15:40:14.006 [main] DEBUG - Save part 'xl/worksheets/sheet3.xml'
15:40:14.007 [main] DEBUG - Save part 'xl/worksheets/sheet4.xml'
15:40:14.028 [main] DEBUG - Parsing relationship: /xl/_rels/workbook.xml.rels
15:40:14.028 [main] DEBUG - Parsing relationship: /_rels/.rels
15:40:14.041 [main] DEBUG - Save content types part
15:40:14.042 [main] DEBUG - Save package relationships
15:40:14.043 [main] DEBUG - Save part 'docProps/app.xml'
15:40:14.043 [main] DEBUG - Save part 'docProps/core.xml'
15:40:14.044 [main] DEBUG - Save part 'xl/sharedStrings.xml'
15:40:14.044 [main] DEBUG - Save part 'xl/styles.xml'
15:40:14.044 [main] DEBUG - Save part 'xl/theme/theme1.xml'
15:40:14.045 [main] DEBUG - Save part 'xl/workbook.xml'
15:40:14.045 [main] DEBUG - Save part 'xl/worksheets/sheet1.xml'
15:40:14.046 [main] DEBUG - Save part 'xl/worksheets/sheet2.xml'
15:40:14.046 [main] DEBUG - Save part 'xl/worksheets/sheet3.xml'
15:40:14.046 [main] DEBUG - Save part 'xl/worksheets/sheet4.xml'
15:40:14.065 [main] DEBUG - Parsing relationship: /xl/_rels/workbook.xml.rels
15:40:14.066 [main] DEBUG - Parsing relationship: /_rels/.rels
15:40:14.081 [main] DEBUG - Save content types part
15:40:14.082 [main] DEBUG - Save package relationships
15:40:14.083 [main] DEBUG - Save part 'docProps/app.xml'
15:40:14.083 [main] DEBUG - Save part 'docProps/core.xml'
15:40:14.084 [main] DEBUG - Save part 'xl/sharedStrings.xml'
15:40:14.084 [main] DEBUG - Save part 'xl/styles.xml'
15:40:14.084 [main] DEBUG - Save part 'xl/theme/theme1.xml'
15:40:14.085 [main] DEBUG - Save part 'xl/workbook.xml'
15:40:14.085 [main] DEBUG - Save part 'xl/worksheets/sheet1.xml'
15:40:14.086 [main] DEBUG - Save part 'xl/worksheets/sheet2.xml'
15:40:14.086 [main] DEBUG - Save part 'xl/worksheets/sheet3.xml'
15:40:14.086 [main] DEBUG - Save part 'xl/worksheets/sheet4.xml'
15:40:14.306 [main] DEBUG - Parsing relationship: /xl/_rels/workbook.xml.rels
15:40:14.307 [main] DEBUG - Parsing relationship: /_rels/.rels
15:40:14.339 [main] DEBUG - Save content types part
15:40:14.342 [main] DEBUG - Save package relationships
15:40:14.343 [main] DEBUG - Save part 'docProps/app.xml'
15:40:14.344 [main] DEBUG - Save part 'docProps/core.xml'
15:40:14.347 [main] DEBUG - Save part 'xl/sharedStrings.xml'
15:40:14.348 [main] DEBUG - Save part 'xl/styles.xml'
15:40:14.348 [main] DEBUG - Save part 'xl/theme/theme1.xml'
15:40:14.349 [main] DEBUG - Save part 'xl/workbook.xml'
15:40:14.350 [main] DEBUG - Save part 'xl/worksheets/sheet1.xml'
15:40:14.350 [main] DEBUG - Save part 'xl/worksheets/sheet2.xml'
15:40:14.351 [main] DEBUG - Save part 'xl/worksheets/sheet3.xml'
15:40:14.351 [main] DEBUG - Save part 'xl/worksheets/sheet4.xml'
15:40:14.379 [main] DEBUG - Parsing relationship: /xl/_rels/workbook.xml.rels
15:40:14.380 [main] DEBUG - Parsing relationship: /_rels/.rels
15:40:14.394 [main] DEBUG - Save content types part
15:40:14.395 [main] DEBUG - Save package relationships
15:40:14.396 [main] DEBUG - Save part 'docProps/app.xml'
15:40:14.396 [main] DEBUG - Save part 'docProps/core.xml'
15:40:14.396 [main] DEBUG - Save part 'xl/sharedStrings.xml'
15:40:14.397 [main] DEBUG - Save part 'xl/styles.xml'
15:40:14.397 [main] DEBUG - Save part 'xl/theme/theme1.xml'
15:40:14.397 [main] DEBUG - Save part 'xl/workbook.xml'
15:40:14.398 [main] DEBUG - Save part 'xl/worksheets/sheet1.xml'
15:40:14.398 [main] DEBUG - Save part 'xl/worksheets/sheet2.xml'
15:40:14.398 [main] DEBUG - Save part 'xl/worksheets/sheet3.xml'
15:40:14.398 [main] DEBUG - Save part 'xl/worksheets/sheet4.xml'
15:40:14.418 [main] DEBUG - Parsing relationship: /xl/_rels/workbook.xml.rels
15:40:14.418 [main] DEBUG - Parsing relationship: /_rels/.rels
15:40:14.431 [main] DEBUG - Save content types part
15:40:14.432 [main] DEBUG - Save package relationships
15:40:14.433 [main] DEBUG - Save part 'docProps/app.xml'
15:40:14.433 [main] DEBUG - Save part 'docProps/core.xml'
15:40:14.434 [main] DEBUG - Save part 'xl/sharedStrings.xml'
15:40:14.434 [main] DEBUG - Save part 'xl/styles.xml'
15:40:14.434 [main] DEBUG - Save part 'xl/theme/theme1.xml'
15:40:14.434 [main] DEBUG - Save part 'xl/workbook.xml'
15:40:14.435 [main] DEBUG - Save part 'xl/worksheets/sheet1.xml'
15:40:14.435 [main] DEBUG - Save part 'xl/worksheets/sheet2.xml'
15:40:14.435 [main] DEBUG - Save part 'xl/worksheets/sheet3.xml'
15:40:14.435 [main] DEBUG - Save part 'xl/worksheets/sheet4.xml'
15:40:14.532 [main] DEBUG - Parsing relationship: /xl/_rels/workbook.xml.rels
15:40:14.533 [main] DEBUG - Parsing relationship: /_rels/.rels
15:40:14.549 [main] DEBUG - Save content types part
15:40:14.550 [main] DEBUG - Save package relationships
15:40:14.551 [main] DEBUG - Save part 'docProps/app.xml'
15:40:14.551 [main] DEBUG - Save part 'docProps/core.xml'
15:40:14.552 [main] DEBUG - Save part 'xl/sharedStrings.xml'
15:40:14.552 [main] DEBUG - Save part 'xl/styles.xml'
15:40:14.552 [main] DEBUG - Save part 'xl/theme/theme1.xml'
15:40:14.552 [main] DEBUG - Save part 'xl/workbook.xml'
15:40:14.554 [main] DEBUG - Save part 'xl/worksheets/sheet1.xml'
15:40:14.554 [main] DEBUG - Save part 'xl/worksheets/sheet2.xml'
15:40:14.554 [main] DEBUG - Save part 'xl/worksheets/sheet3.xml'
15:40:14.554 [main] DEBUG - Save part 'xl/worksheets/sheet4.xml'
15:40:14.574 [main] DEBUG - Parsing relationship: /xl/_rels/workbook.xml.rels
15:40:14.575 [main] DEBUG - Parsing relationship: /_rels/.rels
15:40:14.597 [main] DEBUG - Save content types part
15:40:14.598 [main] DEBUG - Save package relationships
15:40:14.600 [main] DEBUG - Save part 'docProps/app.xml'
15:40:14.600 [main] DEBUG - Save part 'docProps/core.xml'
15:40:14.601 [main] DEBUG - Save part 'xl/sharedStrings.xml'
15:40:14.601 [main] DEBUG - Save part 'xl/styles.xml'
15:40:14.602 [main] DEBUG - Save part 'xl/theme/theme1.xml'
15:40:14.602 [main] DEBUG - Save part 'xl/workbook.xml'
15:40:14.603 [main] DEBUG - Save part 'xl/worksheets/sheet1.xml'
15:40:14.604 [main] DEBUG - Save part 'xl/worksheets/sheet2.xml'
15:40:14.604 [main] DEBUG - Save part 'xl/worksheets/sheet3.xml'
15:40:14.604 [main] DEBUG - Save part 'xl/worksheets/sheet4.xml'
15:40:14.622 [main] DEBUG - Parsing relationship: /xl/_rels/workbook.xml.rels
15:40:14.623 [main] DEBUG - Parsing relationship: /_rels/.rels
15:40:14.636 [main] DEBUG - Save content types part
15:40:14.638 [main] DEBUG - Save package relationships
15:40:14.639 [main] DEBUG - Save part 'docProps/app.xml'
15:40:14.639 [main] DEBUG - Save part 'docProps/core.xml'
15:40:14.640 [main] DEBUG - Save part 'xl/sharedStrings.xml'
15:40:14.641 [main] DEBUG - Save part 'xl/styles.xml'
15:40:14.641 [main] DEBUG - Save part 'xl/theme/theme1.xml'
15:40:14.642 [main] DEBUG - Save part 'xl/workbook.xml'
15:40:14.644 [main] DEBUG - Save part 'xl/worksheets/sheet1.xml'
15:40:14.644 [main] DEBUG - Save part 'xl/worksheets/sheet2.xml'
15:40:14.644 [main] DEBUG - Save part 'xl/worksheets/sheet3.xml'
15:40:14.644 [main] DEBUG - Save part 'xl/worksheets/sheet4.xml'
15:40:14.942 [main] DEBUG - Parsing relationship: /xl/_rels/workbook.xml.rels
15:40:14.943 [main] DEBUG - Parsing relationship: /_rels/.rels
15:40:14.955 [main] DEBUG - Save content types part
15:40:14.956 [main] DEBUG - Save package relationships
15:40:14.957 [main] DEBUG - Save part 'docProps/app.xml'
15:40:14.957 [main] DEBUG - Save part 'docProps/core.xml'
15:40:14.958 [main] DEBUG - Save part 'xl/sharedStrings.xml'
15:40:14.958 [main] DEBUG - Save part 'xl/styles.xml'
15:40:14.958 [main] DEBUG - Save part 'xl/theme/theme1.xml'
15:40:14.958 [main] DEBUG - Save part 'xl/workbook.xml'
15:40:14.959 [main] DEBUG - Save part 'xl/worksheets/sheet1.xml'
15:40:14.959 [main] DEBUG - Save part 'xl/worksheets/sheet2.xml'
15:40:14.959 [main] DEBUG - Save part 'xl/worksheets/sheet3.xml'
15:40:14.960 [main] DEBUG - Save part 'xl/worksheets/sheet4.xml'
15:40:14.978 [main] DEBUG - Parsing relationship: /xl/_rels/workbook.xml.rels
15:40:14.979 [main] DEBUG - Parsing relationship: /_rels/.rels
15:40:14.992 [main] DEBUG - Save content types part
15:40:14.993 [main] DEBUG - Save package relationships
15:40:14.994 [main] DEBUG - Save part 'docProps/app.xml'
15:40:14.994 [main] DEBUG - Save part 'docProps/core.xml'
15:40:14.994 [main] DEBUG - Save part 'xl/sharedStrings.xml'
15:40:14.995 [main] DEBUG - Save part 'xl/styles.xml'
15:40:14.995 [main] DEBUG - Save part 'xl/theme/theme1.xml'
15:40:14.995 [main] DEBUG - Save part 'xl/workbook.xml'
15:40:14.996 [main] DEBUG - Save part 'xl/worksheets/sheet1.xml'
15:40:14.996 [main] DEBUG - Save part 'xl/worksheets/sheet2.xml'
15:40:14.996 [main] DEBUG - Save part 'xl/worksheets/sheet3.xml'
15:40:14.996 [main] DEBUG - Save part 'xl/worksheets/sheet4.xml'
15:40:15.016 [main] DEBUG - Parsing relationship: /xl/_rels/workbook.xml.rels
15:40:15.017 [main] DEBUG - Parsing relationship: /_rels/.rels
15:40:15.029 [main] DEBUG - Save content types part
15:40:15.030 [main] DEBUG - Save package relationships
15:40:15.030 [main] DEBUG - Save part 'docProps/app.xml'
15:40:15.030 [main] DEBUG - Save part 'docProps/core.xml'
15:40:15.031 [main] DEBUG - Save part 'xl/sharedStrings.xml'
15:40:15.031 [main] DEBUG - Save part 'xl/styles.xml'
15:40:15.032 [main] DEBUG - Save part 'xl/theme/theme1.xml'
15:40:15.032 [main] DEBUG - Save part 'xl/workbook.xml'
15:40:15.033 [main] DEBUG - Save part 'xl/worksheets/sheet1.xml'
15:40:15.033 [main] DEBUG - Save part 'xl/worksheets/sheet2.xml'
15:40:15.033 [main] DEBUG - Save part 'xl/worksheets/sheet3.xml'
15:40:15.033 [main] DEBUG - Save part 'xl/worksheets/sheet4.xml'
15:40:15.134 [main] DEBUG - Parsing relationship: /xl/_rels/workbook.xml.rels
15:40:15.134 [main] DEBUG - Parsing relationship: /_rels/.rels
15:40:15.149 [main] DEBUG - Save content types part
15:40:15.151 [main] DEBUG - Save package relationships
15:40:15.152 [main] DEBUG - Save part 'docProps/app.xml'
15:40:15.152 [main] DEBUG - Save part 'docProps/core.xml'
15:40:15.153 [main] DEBUG - Save part 'xl/sharedStrings.xml'
15:40:15.153 [main] DEBUG - Save part 'xl/styles.xml'
15:40:15.153 [main] DEBUG - Save part 'xl/theme/theme1.xml'
15:40:15.153 [main] DEBUG - Save part 'xl/workbook.xml'
15:40:15.154 [main] DEBUG - Save part 'xl/worksheets/sheet1.xml'
15:40:15.154 [main] DEBUG - Save part 'xl/worksheets/sheet2.xml'
15:40:15.155 [main] DEBUG - Save part 'xl/worksheets/sheet3.xml'
15:40:15.155 [main] DEBUG - Save part 'xl/worksheets/sheet4.xml'
15:40:15.171 [main] DEBUG - Parsing relationship: /xl/_rels/workbook.xml.rels
15:40:15.171 [main] DEBUG - Parsing relationship: /_rels/.rels
15:40:15.183 [main] DEBUG - Save content types part
15:40:15.184 [main] DEBUG - Save package relationships
15:40:15.185 [main] DEBUG - Save part 'docProps/app.xml'
15:40:15.185 [main] DEBUG - Save part 'docProps/core.xml'
15:40:15.186 [main] DEBUG - Save part 'xl/sharedStrings.xml'
15:40:15.186 [main] DEBUG - Save part 'xl/styles.xml'
15:40:15.186 [main] DEBUG - Save part 'xl/theme/theme1.xml'
15:40:15.186 [main] DEBUG - Save part 'xl/workbook.xml'
15:40:15.188 [main] DEBUG - Save part 'xl/worksheets/sheet1.xml'
15:40:15.188 [main] DEBUG - Save part 'xl/worksheets/sheet2.xml'
15:40:15.188 [main] DEBUG - Save part 'xl/worksheets/sheet3.xml'
15:40:15.188 [main] DEBUG - Save part 'xl/worksheets/sheet4.xml'
15:40:15.209 [main] DEBUG - Parsing relationship: /xl/_rels/workbook.xml.rels
15:40:15.209 [main] DEBUG - Parsing relationship: /_rels/.rels
15:40:15.220 [main] DEBUG - Save content types part
15:40:15.221 [main] DEBUG - Save package relationships
15:40:15.222 [main] DEBUG - Save part 'docProps/app.xml'
15:40:15.222 [main] DEBUG - Save part 'docProps/core.xml'
15:40:15.223 [main] DEBUG - Save part 'xl/sharedStrings.xml'
15:40:15.223 [main] DEBUG - Save part 'xl/styles.xml'
15:40:15.223 [main] DEBUG - Save part 'xl/theme/theme1.xml'
15:40:15.223 [main] DEBUG - Save part 'xl/workbook.xml'
15:40:15.224 [main] DEBUG - Save part 'xl/worksheets/sheet1.xml'
15:40:15.224 [main] DEBUG - Save part 'xl/worksheets/sheet2.xml'
15:40:15.224 [main] DEBUG - Save part 'xl/worksheets/sheet3.xml'
15:40:15.224 [main] DEBUG - Save part 'xl/worksheets/sheet4.xml'
15:40:15.305 [main] DEBUG - Parsing relationship: /xl/_rels/workbook.xml.rels
15:40:15.305 [main] DEBUG - Parsing relationship: /_rels/.rels
15:40:15.318 [main] DEBUG - Save content types part
15:40:15.319 [main] DEBUG - Save package relationships
15:40:15.320 [main] DEBUG - Save part 'docProps/app.xml'
15:40:15.320 [main] DEBUG - Save part 'docProps/core.xml'
15:40:15.321 [main] DEBUG - Save part 'xl/sharedStrings.xml'
15:40:15.322 [main] DEBUG - Save part 'xl/styles.xml'
15:40:15.322 [main] DEBUG - Save part 'xl/theme/theme1.xml'
15:40:15.322 [main] DEBUG - Save part 'xl/workbook.xml'
15:40:15.322 [main] DEBUG - Save part 'xl/worksheets/sheet1.xml'
15:40:15.322 [main] DEBUG - Save part 'xl/worksheets/sheet2.xml'
15:40:15.322 [main] DEBUG - Save part 'xl/worksheets/sheet3.xml'
15:40:15.322 [main] DEBUG - Save part 'xl/worksheets/sheet4.xml'
15:40:15.340 [main] DEBUG - Parsing relationship: /xl/_rels/workbook.xml.rels
15:40:15.341 [main] DEBUG - Parsing relationship: /_rels/.rels
15:40:15.353 [main] DEBUG - Save content types part
15:40:15.354 [main] DEBUG - Save package relationships
15:40:15.355 [main] DEBUG - Save part 'docProps/app.xml'
15:40:15.355 [main] DEBUG - Save part 'docProps/core.xml'
15:40:15.355 [main] DEBUG - Save part 'xl/sharedStrings.xml'
15:40:15.356 [main] DEBUG - Save part 'xl/styles.xml'
15:40:15.356 [main] DEBUG - Save part 'xl/theme/theme1.xml'
15:40:15.356 [main] DEBUG - Save part 'xl/workbook.xml'
15:40:15.356 [main] DEBUG - Save part 'xl/worksheets/sheet1.xml'
15:40:15.357 [main] DEBUG - Save part 'xl/worksheets/sheet2.xml'
15:40:15.357 [main] DEBUG - Save part 'xl/worksheets/sheet3.xml'
15:40:15.357 [main] DEBUG - Save part 'xl/worksheets/sheet4.xml'
15:40:15.377 [main] DEBUG - Parsing relationship: /xl/_rels/workbook.xml.rels
15:40:15.378 [main] DEBUG - Parsing relationship: /_rels/.rels
15:40:15.388 [main] DEBUG - Save content types part
15:40:15.389 [main] DEBUG - Save package relationships
15:40:15.390 [main] DEBUG - Save part 'docProps/app.xml'
15:40:15.390 [main] DEBUG - Save part 'docProps/core.xml'
15:40:15.391 [main] DEBUG - Save part 'xl/sharedStrings.xml'
15:40:15.391 [main] DEBUG - Save part 'xl/styles.xml'
15:40:15.391 [main] DEBUG - Save part 'xl/theme/theme1.xml'
15:40:15.391 [main] DEBUG - Save part 'xl/workbook.xml'
15:40:15.392 [main] DEBUG - Save part 'xl/worksheets/sheet1.xml'
15:40:15.392 [main] DEBUG - Save part 'xl/worksheets/sheet2.xml'
15:40:15.392 [main] DEBUG - Save part 'xl/worksheets/sheet3.xml'
15:40:15.392 [main] DEBUG - Save part 'xl/worksheets/sheet4.xml'
15:40:15.458 [main] DEBUG - Parsing relationship: /xl/_rels/workbook.xml.rels
15:40:15.459 [main] DEBUG - Parsing relationship: /_rels/.rels
15:40:15.468 [main] DEBUG - Save content types part
15:40:15.469 [main] DEBUG - Save package relationships
15:40:15.470 [main] DEBUG - Save part 'docProps/app.xml'
15:40:15.470 [main] DEBUG - Save part 'docProps/core.xml'
15:40:15.470 [main] DEBUG - Save part 'xl/sharedStrings.xml'
15:40:15.471 [main] DEBUG - Save part 'xl/styles.xml'
15:40:15.471 [main] DEBUG - Save part 'xl/theme/theme1.xml'
15:40:15.471 [main] DEBUG - Save part 'xl/workbook.xml'
15:40:15.472 [main] DEBUG - Save part 'xl/worksheets/sheet1.xml'
15:40:15.472 [main] DEBUG - Save part 'xl/worksheets/sheet2.xml'
15:40:15.472 [main] DEBUG - Save part 'xl/worksheets/sheet3.xml'
15:40:15.472 [main] DEBUG - Save part 'xl/worksheets/sheet4.xml'
15:40:15.491 [main] DEBUG - Parsing relationship: /xl/_rels/workbook.xml.rels
15:40:15.492 [main] DEBUG - Parsing relationship: /_rels/.rels
15:40:15.502 [main] DEBUG - Save content types part
15:40:15.508 [main] DEBUG - Save package relationships
15:40:15.509 [main] DEBUG - Save part 'docProps/app.xml'
15:40:15.509 [main] DEBUG - Save part 'docProps/core.xml'
15:40:15.510 [main] DEBUG - Save part 'xl/sharedStrings.xml'
15:40:15.510 [main] DEBUG - Save part 'xl/styles.xml'
15:40:15.510 [main] DEBUG - Save part 'xl/theme/theme1.xml'
15:40:15.510 [main] DEBUG - Save part 'xl/workbook.xml'
15:40:15.511 [main] DEBUG - Save part 'xl/worksheets/sheet1.xml'
15:40:15.511 [main] DEBUG - Save part 'xl/worksheets/sheet2.xml'
15:40:15.511 [main] DEBUG - Save part 'xl/worksheets/sheet3.xml'
15:40:15.511 [main] DEBUG - Save part 'xl/worksheets/sheet4.xml'
15:40:15.531 [main] DEBUG - Parsing relationship: /xl/_rels/workbook.xml.rels
15:40:15.531 [main] DEBUG - Parsing relationship: /_rels/.rels
15:40:15.542 [main] DEBUG - Save content types part
15:40:15.544 [main] DEBUG - Save package relationships
15:40:15.544 [main] DEBUG - Save part 'docProps/app.xml'
15:40:15.544 [main] DEBUG - Save part 'docProps/core.xml'
15:40:15.545 [main] DEBUG - Save part 'xl/sharedStrings.xml'
15:40:15.545 [main] DEBUG - Save part 'xl/styles.xml'
15:40:15.545 [main] DEBUG - Save part 'xl/theme/theme1.xml'
15:40:15.546 [main] DEBUG - Save part 'xl/workbook.xml'
15:40:15.546 [main] DEBUG - Save part 'xl/worksheets/sheet1.xml'
15:40:15.546 [main] DEBUG - Save part 'xl/worksheets/sheet2.xml'
15:40:15.546 [main] DEBUG - Save part 'xl/worksheets/sheet3.xml'
15:40:15.546 [main] DEBUG - Save part 'xl/worksheets/sheet4.xml'
15:40:15.560 [main] INFO  - **** Finished TC_001_UpcomingBike ****
15:43:13.228 [main] INFO  - **** Starting TC_003_LoginSignup ****
15:43:13.230 [main] INFO  - Navigating to the homepage
15:43:14.614 [main] INFO  - Clicking on the Login/Signup button
15:43:20.826 [main] INFO  - Selecting the Google button
15:43:29.129 [main] INFO  - Verifying that the Login/SignUp card is displayed
15:43:45.528 [main] INFO  - Navigating to the Google Accounts sign in page
15:44:02.116 [main] INFO  - Entering email
15:44:08.283 [main] INFO  - Clicking on the next button
15:44:13.834 [main] INFO  - Capturing error message
15:44:23.890 [main] INFO  - **** Finished TC_003_LoginSignup ****
15:44:39.692 [main] INFO  - **** Starting TC_002_UsedCar ****
15:44:39.693 [main] INFO  - Navigating to the homepage
15:44:39.748 [main] INFO  - Hovering over and selecting used cars
15:44:41.981 [main] INFO  - Selecting Chennai used cars
15:45:03.126 [main] INFO  - **** Starting TC_001_UpcomingBike ****
15:45:03.126 [main] INFO  - clicking on  New Bikes 
15:45:08.376 [main] INFO  - Selecting Upcoming Bikes
15:45:13.456 [main] INFO  - checking Upcoming Bikes page is displayed or not
15:45:13.480 [main] INFO  - clicking on Manufacturers dropdown
15:45:15.661 [main] INFO  - selecting Honda brand
15:45:18.581 [main] INFO  - checking ViewMore button visibility
15:45:47.838 [main] INFO  - checking Honda upcoming Bikes page is displayed or not
15:45:47.864 [main] INFO  - checking all honda bikes names are there or not
15:45:47.899 [main] INFO  - checking all honda bikes prices are there or not
15:45:47.929 [main] INFO  - checking all honda bikes expected dates are there or not
15:45:47.970 [main] INFO  - Displaying bikes details
15:45:50.346 [main] DEBUG - Parsing relationship: /xl/_rels/workbook.xml.rels
15:45:50.348 [main] DEBUG - Parsing relationship: /_rels/.rels
15:45:50.487 [main] TRACE - Loading type system org.apache.poi.schemas.ooxml.system.ooxml
15:45:50.490 [main] TRACE - Loading type system org.apache.xmlbeans.metadata.system.sXMLCONFIG
15:45:50.490 [main] TRACE - Loading type system org.apache.xmlbeans.metadata.system.sXMLLANG
15:45:50.491 [main] TRACE - Loading type system org.apache.xmlbeans.metadata.system.sXMLSCHEMA
15:45:50.491 [main] TRACE - Loading type system org.apache.xmlbeans.metadata.system.sXMLTOOLS
15:45:50.492 [main] TRACE - Reading unresolved handles for type system org.apache.xmlbeans.metadata.system.sXMLTOOLS
15:45:50.501 [main] TRACE - Finished loading type system org.apache.xmlbeans.metadata.system.sXMLTOOLS
15:45:50.502 [main] TRACE - Reading unresolved handles for type system org.apache.xmlbeans.metadata.system.sXMLSCHEMA
15:45:50.506 [main] TRACE - Finished loading type system org.apache.xmlbeans.metadata.system.sXMLSCHEMA
15:45:50.507 [main] TRACE - Reading unresolved handles for type system org.apache.xmlbeans.metadata.system.sXMLLANG
15:45:50.508 [main] TRACE - Finished loading type system org.apache.xmlbeans.metadata.system.sXMLLANG
15:45:50.509 [main] TRACE - Reading unresolved handles for type system org.apache.xmlbeans.metadata.system.sXMLCONFIG
15:45:50.510 [main] TRACE - Finished loading type system org.apache.xmlbeans.metadata.system.sXMLCONFIG
15:45:50.511 [main] TRACE - Reading unresolved handles for type system org.apache.poi.schemas.ooxml.system.ooxml
15:45:50.564 [main] TRACE - Finished loading type system org.apache.poi.schemas.ooxml.system.ooxml
15:45:50.565 [main] TRACE - Resolving type for handle themefd26doctype
15:45:50.650 [main] TRACE - Resolving type for handle stylesheet5d8bdoctype
15:45:50.658 [main] TRACE - Resolving type for handle ctstylesheet4257type
15:45:50.662 [main] TRACE - Resolving type for handle ctnumfmtsb58btype
15:45:50.665 [main] TRACE - Resolving type for handle ctfonts6623type
15:45:50.668 [main] TRACE - Resolving type for handle ctfont14d8type
15:45:50.675 [main] TRACE - Resolving type for handle ctfills2c6ftype
15:45:50.678 [main] TRACE - Resolving type for handle ctfill550ctype
15:45:50.681 [main] TRACE - Resolving type for handle ctborders0d66type
15:45:50.684 [main] TRACE - Resolving type for handle ctborderf935type
15:45:50.687 [main] TRACE - Resolving type for handle ctcellxfs1322type
15:45:50.690 [main] TRACE - Resolving type for handle ctxf97f7type
15:45:50.692 [main] TRACE - Resolving type for handle ctcellstylexfsa81ftype
15:45:50.694 [main] TRACE - Resolving type for handle ctdxfsb26atype
15:45:50.697 [main] TRACE - Resolving type for handle cttablestyles872ftype
15:45:50.700 [main] TRACE - Resolving type for handle sstf81fdoctype
15:45:50.706 [main] TRACE - Resolving type for handle ctsst44f3type
15:45:50.720 [main] TRACE - Resolving type for handle ctrsta472type
15:45:50.758 [main] TRACE - Resolving type for handle workbookec17doctype
15:45:50.764 [main] TRACE - Resolving type for handle ctworkbook83c3type
15:45:50.776 [main] TRACE - Resolving type for handle ctsheets49fdtype
15:45:50.781 [main] TRACE - Resolving type for handle ctsheet4dbetype
15:45:50.784 [main] TRACE - Resolving type for handle strelationshipid1e94type
15:45:50.788 [main] TRACE - Resolving type for handle worksheetf539doctype
15:45:50.796 [main] TRACE - Resolving type for handle ctworksheet530dtype
15:45:50.807 [main] TRACE - Resolving type for handle ctsheetdata8408type
15:45:50.815 [main] TRACE - Resolving type for handle ctcols627ctype
15:45:50.831 [main] TRACE - Resolving type for handle ctrowdd39type
15:45:50.847 [main] TRACE - Resolving type for handle ctcell842btype
15:45:50.857 [main] TRACE - Resolving type for handle stcellrefe4e0type
15:45:50.886 [main] TRACE - Resolving type for handle stxstringf179type
15:45:50.896 [main] TRACE - Resolving type for handle stcelltypebf95type
15:45:50.934 [main] TRACE - Resolving type for handle stcellstylexfid70c7type
15:45:50.942 [main] TRACE - Resolving type for handle ctsheetdimensiond310type
15:45:50.944 [main] TRACE - Resolving type for handle stref90a2type
15:45:50.957 [main] TRACE - Resolving type for handle propertiesee84doctype
15:45:50.961 [main] TRACE - Resolving type for handle ctproperties3f10type
15:45:50.971 [main] TRACE - Resolving type for handle properties288cdoctype
15:45:50.974 [main] TRACE - Resolving type for handle ctproperties2c18type
15:45:50.997 [main] DEBUG - Save content types part
15:45:51.122 [main] DEBUG - Save package relationships
15:45:51.127 [main] DEBUG - Save part 'docProps/app.xml'
15:45:51.128 [main] DEBUG - Save part 'docProps/core.xml'
15:45:51.132 [main] DEBUG - Save part 'xl/sharedStrings.xml'
15:45:51.132 [main] DEBUG - Save part 'xl/styles.xml'
15:45:51.132 [main] DEBUG - Save part 'xl/theme/theme1.xml'
15:45:51.133 [main] DEBUG - Save part 'xl/workbook.xml'
15:45:51.136 [main] DEBUG - Save part 'xl/worksheets/sheet1.xml'
15:45:51.136 [main] DEBUG - Save part 'xl/worksheets/sheet2.xml'
15:45:51.137 [main] DEBUG - Save part 'xl/worksheets/sheet3.xml'
15:45:51.137 [main] DEBUG - Save part 'xl/worksheets/sheet4.xml'
15:45:51.167 [main] DEBUG - Parsing relationship: /xl/_rels/workbook.xml.rels
15:45:51.168 [main] DEBUG - Parsing relationship: /_rels/.rels
15:45:51.222 [main] DEBUG - Save content types part
15:45:51.224 [main] DEBUG - Save package relationships
15:45:51.226 [main] DEBUG - Save part 'docProps/app.xml'
15:45:51.226 [main] DEBUG - Save part 'docProps/core.xml'
15:45:51.228 [main] DEBUG - Save part 'xl/sharedStrings.xml'
15:45:51.229 [main] DEBUG - Save part 'xl/styles.xml'
15:45:51.229 [main] DEBUG - Save part 'xl/theme/theme1.xml'
15:45:51.230 [main] DEBUG - Save part 'xl/workbook.xml'
15:45:51.232 [main] DEBUG - Save part 'xl/worksheets/sheet1.xml'
15:45:51.233 [main] DEBUG - Save part 'xl/worksheets/sheet2.xml'
15:45:51.233 [main] DEBUG - Save part 'xl/worksheets/sheet3.xml'
15:45:51.233 [main] DEBUG - Save part 'xl/worksheets/sheet4.xml'
15:45:51.263 [main] DEBUG - Parsing relationship: /xl/_rels/workbook.xml.rels
15:45:51.265 [main] DEBUG - Parsing relationship: /_rels/.rels
15:45:51.321 [main] DEBUG - Save content types part
15:45:51.325 [main] DEBUG - Save package relationships
15:45:51.328 [main] DEBUG - Save part 'docProps/app.xml'
15:45:51.328 [main] DEBUG - Save part 'docProps/core.xml'
15:45:51.332 [main] DEBUG - Save part 'xl/sharedStrings.xml'
15:45:51.333 [main] DEBUG - Save part 'xl/styles.xml'
15:45:51.333 [main] DEBUG - Save part 'xl/theme/theme1.xml'
15:45:51.334 [main] DEBUG - Save part 'xl/workbook.xml'
15:45:51.338 [main] DEBUG - Save part 'xl/worksheets/sheet1.xml'
15:45:51.338 [main] DEBUG - Save part 'xl/worksheets/sheet2.xml'
15:45:51.340 [main] DEBUG - Save part 'xl/worksheets/sheet3.xml'
15:45:51.341 [main] DEBUG - Save part 'xl/worksheets/sheet4.xml'
15:45:51.596 [main] DEBUG - Parsing relationship: /xl/_rels/workbook.xml.rels
15:45:51.599 [main] DEBUG - Parsing relationship: /_rels/.rels
15:45:51.659 [main] DEBUG - Save content types part
15:45:51.662 [main] DEBUG - Save package relationships
15:45:51.664 [main] DEBUG - Save part 'docProps/app.xml'
15:45:51.664 [main] DEBUG - Save part 'docProps/core.xml'
15:45:51.668 [main] DEBUG - Save part 'xl/sharedStrings.xml'
15:45:51.669 [main] DEBUG - Save part 'xl/styles.xml'
15:45:51.669 [main] DEBUG - Save part 'xl/theme/theme1.xml'
15:45:51.670 [main] DEBUG - Save part 'xl/workbook.xml'
15:45:51.675 [main] DEBUG - Save part 'xl/worksheets/sheet1.xml'
15:45:51.676 [main] DEBUG - Save part 'xl/worksheets/sheet2.xml'
15:45:51.676 [main] DEBUG - Save part 'xl/worksheets/sheet3.xml'
15:45:51.677 [main] DEBUG - Save part 'xl/worksheets/sheet4.xml'
15:45:51.711 [main] DEBUG - Parsing relationship: /xl/_rels/workbook.xml.rels
15:45:51.714 [main] DEBUG - Parsing relationship: /_rels/.rels
15:45:51.786 [main] DEBUG - Save content types part
15:45:51.791 [main] DEBUG - Save package relationships
15:45:51.794 [main] DEBUG - Save part 'docProps/app.xml'
15:45:51.794 [main] DEBUG - Save part 'docProps/core.xml'
15:45:51.797 [main] DEBUG - Save part 'xl/sharedStrings.xml'
15:45:51.798 [main] DEBUG - Save part 'xl/styles.xml'
15:45:51.799 [main] DEBUG - Save part 'xl/theme/theme1.xml'
15:45:51.800 [main] DEBUG - Save part 'xl/workbook.xml'
15:45:51.803 [main] DEBUG - Save part 'xl/worksheets/sheet1.xml'
15:45:51.803 [main] DEBUG - Save part 'xl/worksheets/sheet2.xml'
15:45:51.804 [main] DEBUG - Save part 'xl/worksheets/sheet3.xml'
15:45:51.804 [main] DEBUG - Save part 'xl/worksheets/sheet4.xml'
15:45:51.836 [main] DEBUG - Parsing relationship: /xl/_rels/workbook.xml.rels
15:45:51.840 [main] DEBUG - Parsing relationship: /_rels/.rels
15:45:51.884 [main] DEBUG - Save content types part
15:45:51.886 [main] DEBUG - Save package relationships
15:45:51.889 [main] DEBUG - Save part 'docProps/app.xml'
15:45:51.889 [main] DEBUG - Save part 'docProps/core.xml'
15:45:51.892 [main] DEBUG - Save part 'xl/sharedStrings.xml'
15:45:51.893 [main] DEBUG - Save part 'xl/styles.xml'
15:45:51.893 [main] DEBUG - Save part 'xl/theme/theme1.xml'
15:45:51.894 [main] DEBUG - Save part 'xl/workbook.xml'
15:45:51.897 [main] DEBUG - Save part 'xl/worksheets/sheet1.xml'
15:45:51.897 [main] DEBUG - Save part 'xl/worksheets/sheet2.xml'
15:45:51.898 [main] DEBUG - Save part 'xl/worksheets/sheet3.xml'
15:45:51.898 [main] DEBUG - Save part 'xl/worksheets/sheet4.xml'
15:45:52.014 [main] DEBUG - Parsing relationship: /xl/_rels/workbook.xml.rels
15:45:52.016 [main] DEBUG - Parsing relationship: /_rels/.rels
15:45:52.055 [main] DEBUG - Save content types part
15:45:52.056 [main] DEBUG - Save package relationships
15:45:52.058 [main] DEBUG - Save part 'docProps/app.xml'
15:45:52.059 [main] DEBUG - Save part 'docProps/core.xml'
15:45:52.061 [main] DEBUG - Save part 'xl/sharedStrings.xml'
15:45:52.062 [main] DEBUG - Save part 'xl/styles.xml'
15:45:52.062 [main] DEBUG - Save part 'xl/theme/theme1.xml'
15:45:52.063 [main] DEBUG - Save part 'xl/workbook.xml'
15:45:52.066 [main] DEBUG - Save part 'xl/worksheets/sheet1.xml'
15:45:52.067 [main] DEBUG - Save part 'xl/worksheets/sheet2.xml'
15:45:52.067 [main] DEBUG - Save part 'xl/worksheets/sheet3.xml'
15:45:52.067 [main] DEBUG - Save part 'xl/worksheets/sheet4.xml'
15:45:52.104 [main] DEBUG - Parsing relationship: /xl/_rels/workbook.xml.rels
15:45:52.106 [main] DEBUG - Parsing relationship: /_rels/.rels
15:45:52.167 [main] DEBUG - Save content types part
15:45:52.170 [main] DEBUG - Save package relationships
15:45:52.173 [main] DEBUG - Save part 'docProps/app.xml'
15:45:52.174 [main] DEBUG - Save part 'docProps/core.xml'
15:45:52.177 [main] DEBUG - Save part 'xl/sharedStrings.xml'
15:45:52.177 [main] DEBUG - Save part 'xl/styles.xml'
15:45:52.178 [main] DEBUG - Save part 'xl/theme/theme1.xml'
15:45:52.180 [main] DEBUG - Save part 'xl/workbook.xml'
15:45:52.183 [main] DEBUG - Save part 'xl/worksheets/sheet1.xml'
15:45:52.183 [main] DEBUG - Save part 'xl/worksheets/sheet2.xml'
15:45:52.184 [main] DEBUG - Save part 'xl/worksheets/sheet3.xml'
15:45:52.185 [main] DEBUG - Save part 'xl/worksheets/sheet4.xml'
15:45:52.218 [main] DEBUG - Parsing relationship: /xl/_rels/workbook.xml.rels
15:45:52.219 [main] DEBUG - Parsing relationship: /_rels/.rels
15:45:52.254 [main] DEBUG - Save content types part
15:45:52.257 [main] DEBUG - Save package relationships
15:45:52.260 [main] DEBUG - Save part 'docProps/app.xml'
15:45:52.260 [main] DEBUG - Save part 'docProps/core.xml'
15:45:52.264 [main] DEBUG - Save part 'xl/sharedStrings.xml'
15:45:52.264 [main] DEBUG - Save part 'xl/styles.xml'
15:45:52.265 [main] DEBUG - Save part 'xl/theme/theme1.xml'
15:45:52.266 [main] DEBUG - Save part 'xl/workbook.xml'
15:45:52.270 [main] DEBUG - Save part 'xl/worksheets/sheet1.xml'
15:45:52.271 [main] DEBUG - Save part 'xl/worksheets/sheet2.xml'
15:45:52.271 [main] DEBUG - Save part 'xl/worksheets/sheet3.xml'
15:45:52.272 [main] DEBUG - Save part 'xl/worksheets/sheet4.xml'
15:45:52.697 [main] DEBUG - Parsing relationship: /xl/_rels/workbook.xml.rels
15:45:52.699 [main] DEBUG - Parsing relationship: /_rels/.rels
15:45:52.744 [main] DEBUG - Save content types part
15:45:52.745 [main] DEBUG - Save package relationships
15:45:52.747 [main] DEBUG - Save part 'docProps/app.xml'
15:45:52.747 [main] DEBUG - Save part 'docProps/core.xml'
15:45:52.749 [main] DEBUG - Save part 'xl/sharedStrings.xml'
15:45:52.750 [main] DEBUG - Save part 'xl/styles.xml'
15:45:52.750 [main] DEBUG - Save part 'xl/theme/theme1.xml'
15:45:52.751 [main] DEBUG - Save part 'xl/workbook.xml'
15:45:52.753 [main] DEBUG - Save part 'xl/worksheets/sheet1.xml'
15:45:52.753 [main] DEBUG - Save part 'xl/worksheets/sheet2.xml'
15:45:52.754 [main] DEBUG - Save part 'xl/worksheets/sheet3.xml'
15:45:52.754 [main] DEBUG - Save part 'xl/worksheets/sheet4.xml'
15:45:52.795 [main] DEBUG - Parsing relationship: /xl/_rels/workbook.xml.rels
15:45:52.796 [main] DEBUG - Parsing relationship: /_rels/.rels
15:45:52.868 [main] DEBUG - Save content types part
15:45:52.873 [main] DEBUG - Save package relationships
15:45:52.877 [main] DEBUG - Save part 'docProps/app.xml'
15:45:52.877 [main] DEBUG - Save part 'docProps/core.xml'
15:45:52.882 [main] DEBUG - Save part 'xl/sharedStrings.xml'
15:45:52.882 [main] DEBUG - Save part 'xl/styles.xml'
15:45:52.883 [main] DEBUG - Save part 'xl/theme/theme1.xml'
15:45:52.885 [main] DEBUG - Save part 'xl/workbook.xml'
15:45:52.889 [main] DEBUG - Save part 'xl/worksheets/sheet1.xml'
15:45:52.889 [main] DEBUG - Save part 'xl/worksheets/sheet2.xml'
15:45:52.889 [main] DEBUG - Save part 'xl/worksheets/sheet3.xml'
15:45:52.889 [main] DEBUG - Save part 'xl/worksheets/sheet4.xml'
15:45:52.923 [main] DEBUG - Parsing relationship: /xl/_rels/workbook.xml.rels
15:45:52.924 [main] DEBUG - Parsing relationship: /_rels/.rels
15:45:52.977 [main] DEBUG - Save content types part
15:45:52.981 [main] DEBUG - Save package relationships
15:45:52.984 [main] DEBUG - Save part 'docProps/app.xml'
15:45:52.985 [main] DEBUG - Save part 'docProps/core.xml'
15:45:52.988 [main] DEBUG - Save part 'xl/sharedStrings.xml'
15:45:52.989 [main] DEBUG - Save part 'xl/styles.xml'
15:45:52.989 [main] DEBUG - Save part 'xl/theme/theme1.xml'
15:45:52.989 [main] DEBUG - Save part 'xl/workbook.xml'
15:45:52.991 [main] DEBUG - Save part 'xl/worksheets/sheet1.xml'
15:45:52.991 [main] DEBUG - Save part 'xl/worksheets/sheet2.xml'
15:45:52.992 [main] DEBUG - Save part 'xl/worksheets/sheet3.xml'
15:45:52.992 [main] DEBUG - Save part 'xl/worksheets/sheet4.xml'
15:45:53.153 [main] DEBUG - Parsing relationship: /xl/_rels/workbook.xml.rels
15:45:53.155 [main] DEBUG - Parsing relationship: /_rels/.rels
15:45:53.184 [main] DEBUG - Save content types part
15:45:53.188 [main] DEBUG - Save package relationships
15:45:53.190 [main] DEBUG - Save part 'docProps/app.xml'
15:45:53.191 [main] DEBUG - Save part 'docProps/core.xml'
15:45:53.192 [main] DEBUG - Save part 'xl/sharedStrings.xml'
15:45:53.193 [main] DEBUG - Save part 'xl/styles.xml'
15:45:53.193 [main] DEBUG - Save part 'xl/theme/theme1.xml'
15:45:53.193 [main] DEBUG - Save part 'xl/workbook.xml'
15:45:53.196 [main] DEBUG - Save part 'xl/worksheets/sheet1.xml'
15:45:53.196 [main] DEBUG - Save part 'xl/worksheets/sheet2.xml'
15:45:53.196 [main] DEBUG - Save part 'xl/worksheets/sheet3.xml'
15:45:53.197 [main] DEBUG - Save part 'xl/worksheets/sheet4.xml'
15:45:53.230 [main] DEBUG - Parsing relationship: /xl/_rels/workbook.xml.rels
15:45:53.231 [main] DEBUG - Parsing relationship: /_rels/.rels
15:45:53.272 [main] DEBUG - Save content types part
15:45:53.274 [main] DEBUG - Save package relationships
15:45:53.276 [main] DEBUG - Save part 'docProps/app.xml'
15:45:53.276 [main] DEBUG - Save part 'docProps/core.xml'
15:45:53.278 [main] DEBUG - Save part 'xl/sharedStrings.xml'
15:45:53.278 [main] DEBUG - Save part 'xl/styles.xml'
15:45:53.278 [main] DEBUG - Save part 'xl/theme/theme1.xml'
15:45:53.279 [main] DEBUG - Save part 'xl/workbook.xml'
15:45:53.280 [main] DEBUG - Save part 'xl/worksheets/sheet1.xml'
15:45:53.280 [main] DEBUG - Save part 'xl/worksheets/sheet2.xml'
15:45:53.280 [main] DEBUG - Save part 'xl/worksheets/sheet3.xml'
15:45:53.281 [main] DEBUG - Save part 'xl/worksheets/sheet4.xml'
15:45:53.309 [main] DEBUG - Parsing relationship: /xl/_rels/workbook.xml.rels
15:45:53.309 [main] DEBUG - Parsing relationship: /_rels/.rels
15:45:53.335 [main] DEBUG - Save content types part
15:45:53.337 [main] DEBUG - Save package relationships
15:45:53.338 [main] DEBUG - Save part 'docProps/app.xml'
15:45:53.338 [main] DEBUG - Save part 'docProps/core.xml'
15:45:53.340 [main] DEBUG - Save part 'xl/sharedStrings.xml'
15:45:53.340 [main] DEBUG - Save part 'xl/styles.xml'
15:45:53.340 [main] DEBUG - Save part 'xl/theme/theme1.xml'
15:45:53.341 [main] DEBUG - Save part 'xl/workbook.xml'
15:45:53.342 [main] DEBUG - Save part 'xl/worksheets/sheet1.xml'
15:45:53.342 [main] DEBUG - Save part 'xl/worksheets/sheet2.xml'
15:45:53.342 [main] DEBUG - Save part 'xl/worksheets/sheet3.xml'
15:45:53.342 [main] DEBUG - Save part 'xl/worksheets/sheet4.xml'
15:45:53.735 [main] DEBUG - Parsing relationship: /xl/_rels/workbook.xml.rels
15:45:53.736 [main] DEBUG - Parsing relationship: /_rels/.rels
15:45:53.773 [main] DEBUG - Save content types part
15:45:53.774 [main] DEBUG - Save package relationships
15:45:53.776 [main] DEBUG - Save part 'docProps/app.xml'
15:45:53.776 [main] DEBUG - Save part 'docProps/core.xml'
15:45:53.778 [main] DEBUG - Save part 'xl/sharedStrings.xml'
15:45:53.778 [main] DEBUG - Save part 'xl/styles.xml'
15:45:53.778 [main] DEBUG - Save part 'xl/theme/theme1.xml'
15:45:53.778 [main] DEBUG - Save part 'xl/workbook.xml'
15:45:53.779 [main] DEBUG - Save part 'xl/worksheets/sheet1.xml'
15:45:53.780 [main] DEBUG - Save part 'xl/worksheets/sheet2.xml'
15:45:53.780 [main] DEBUG - Save part 'xl/worksheets/sheet3.xml'
15:45:53.780 [main] DEBUG - Save part 'xl/worksheets/sheet4.xml'
15:45:53.810 [main] DEBUG - Parsing relationship: /xl/_rels/workbook.xml.rels
15:45:53.811 [main] DEBUG - Parsing relationship: /_rels/.rels
15:45:53.828 [main] DEBUG - Save content types part
15:45:53.830 [main] DEBUG - Save package relationships
15:45:53.831 [main] DEBUG - Save part 'docProps/app.xml'
15:45:53.831 [main] DEBUG - Save part 'docProps/core.xml'
15:45:53.832 [main] DEBUG - Save part 'xl/sharedStrings.xml'
15:45:53.832 [main] DEBUG - Save part 'xl/styles.xml'
15:45:53.832 [main] DEBUG - Save part 'xl/theme/theme1.xml'
15:45:53.833 [main] DEBUG - Save part 'xl/workbook.xml'
15:45:53.834 [main] DEBUG - Save part 'xl/worksheets/sheet1.xml'
15:45:53.834 [main] DEBUG - Save part 'xl/worksheets/sheet2.xml'
15:45:53.834 [main] DEBUG - Save part 'xl/worksheets/sheet3.xml'
15:45:53.834 [main] DEBUG - Save part 'xl/worksheets/sheet4.xml'
15:45:53.866 [main] DEBUG - Parsing relationship: /xl/_rels/workbook.xml.rels
15:45:53.867 [main] DEBUG - Parsing relationship: /_rels/.rels
15:45:53.887 [main] DEBUG - Save content types part
15:45:53.889 [main] DEBUG - Save package relationships
15:45:53.889 [main] DEBUG - Save part 'docProps/app.xml'
15:45:53.890 [main] DEBUG - Save part 'docProps/core.xml'
15:45:53.891 [main] DEBUG - Save part 'xl/sharedStrings.xml'
15:45:53.891 [main] DEBUG - Save part 'xl/styles.xml'
15:45:53.891 [main] DEBUG - Save part 'xl/theme/theme1.xml'
15:45:53.891 [main] DEBUG - Save part 'xl/workbook.xml'
15:45:53.892 [main] DEBUG - Save part 'xl/worksheets/sheet1.xml'
15:45:53.892 [main] DEBUG - Save part 'xl/worksheets/sheet2.xml'
15:45:53.893 [main] DEBUG - Save part 'xl/worksheets/sheet3.xml'
15:45:53.893 [main] DEBUG - Save part 'xl/worksheets/sheet4.xml'
15:45:54.043 [main] DEBUG - Parsing relationship: /xl/_rels/workbook.xml.rels
15:45:54.044 [main] DEBUG - Parsing relationship: /_rels/.rels
15:45:54.067 [main] DEBUG - Save content types part
15:45:54.070 [main] DEBUG - Save package relationships
15:45:54.071 [main] DEBUG - Save part 'docProps/app.xml'
15:45:54.072 [main] DEBUG - Save part 'docProps/core.xml'
15:45:54.073 [main] DEBUG - Save part 'xl/sharedStrings.xml'
15:45:54.073 [main] DEBUG - Save part 'xl/styles.xml'
15:45:54.073 [main] DEBUG - Save part 'xl/theme/theme1.xml'
15:45:54.073 [main] DEBUG - Save part 'xl/workbook.xml'
15:45:54.075 [main] DEBUG - Save part 'xl/worksheets/sheet1.xml'
15:45:54.075 [main] DEBUG - Save part 'xl/worksheets/sheet2.xml'
15:45:54.075 [main] DEBUG - Save part 'xl/worksheets/sheet3.xml'
15:45:54.075 [main] DEBUG - Save part 'xl/worksheets/sheet4.xml'
15:45:54.105 [main] DEBUG - Parsing relationship: /xl/_rels/workbook.xml.rels
15:45:54.106 [main] DEBUG - Parsing relationship: /_rels/.rels
15:45:54.131 [main] DEBUG - Save content types part
