15:45:54.132 [main] DEBUG - Save package relationships
15:45:54.163 [main] DEBUG - Save part 'docProps/app.xml'
15:45:54.163 [main] DEBUG - Save part 'docProps/core.xml'
15:45:54.165 [main] DEBUG - Save part 'xl/sharedStrings.xml'
15:45:54.165 [main] DEBUG - Save part 'xl/styles.xml'
15:45:54.165 [main] DEBUG - Save part 'xl/theme/theme1.xml'
15:45:54.165 [main] DEBUG - Save part 'xl/workbook.xml'
15:45:54.167 [main] DEBUG - Save part 'xl/worksheets/sheet1.xml'
15:45:54.167 [main] DEBUG - Save part 'xl/worksheets/sheet2.xml'
15:45:54.167 [main] DEBUG - Save part 'xl/worksheets/sheet3.xml'
15:45:54.168 [main] DEBUG - Save part 'xl/worksheets/sheet4.xml'
15:45:54.198 [main] DEBUG - Parsing relationship: /xl/_rels/workbook.xml.rels
15:45:54.198 [main] DEBUG - Parsing relationship: /_rels/.rels
15:45:54.243 [main] DEBUG - Save content types part
15:45:54.245 [main] DEBUG - Save package relationships
15:45:54.248 [main] DEBUG - Save part 'docProps/app.xml'
15:45:54.249 [main] DEBUG - Save part 'docProps/core.xml'
15:45:54.251 [main] DEBUG - Save part 'xl/sharedStrings.xml'
15:45:54.251 [main] DEBUG - Save part 'xl/styles.xml'
15:45:54.251 [main] DEBUG - Save part 'xl/theme/theme1.xml'
15:45:54.252 [main] DEBUG - Save part 'xl/workbook.xml'
15:45:54.253 [main] DEBUG - Save part 'xl/worksheets/sheet1.xml'
15:45:54.254 [main] DEBUG - Save part 'xl/worksheets/sheet2.xml'
15:45:54.254 [main] DEBUG - Save part 'xl/worksheets/sheet3.xml'
15:45:54.255 [main] DEBUG - Save part 'xl/worksheets/sheet4.xml'
15:45:54.403 [main] DEBUG - Parsing relationship: /xl/_rels/workbook.xml.rels
15:45:54.404 [main] DEBUG - Parsing relationship: /_rels/.rels
15:45:54.433 [main] DEBUG - Save content types part
15:45:54.434 [main] DEBUG - Save package relationships
15:45:54.435 [main] DEBUG - Save part 'docProps/app.xml'
15:45:54.435 [main] DEBUG - Save part 'docProps/core.xml'
15:45:54.437 [main] DEBUG - Save part 'xl/sharedStrings.xml'
15:45:54.437 [main] DEBUG - Save part 'xl/styles.xml'
15:45:54.437 [main] DEBUG - Save part 'xl/theme/theme1.xml'
15:45:54.437 [main] DEBUG - Save part 'xl/workbook.xml'
15:45:54.439 [main] DEBUG - Save part 'xl/worksheets/sheet1.xml'
15:45:54.439 [main] DEBUG - Save part 'xl/worksheets/sheet2.xml'
15:45:54.439 [main] DEBUG - Save part 'xl/worksheets/sheet3.xml'
15:45:54.439 [main] DEBUG - Save part 'xl/worksheets/sheet4.xml'
15:45:54.473 [main] DEBUG - Parsing relationship: /xl/_rels/workbook.xml.rels
15:45:54.475 [main] DEBUG - Parsing relationship: /_rels/.rels
15:45:54.503 [main] DEBUG - Save content types part
15:45:54.504 [main] DEBUG - Save package relationships
15:45:54.505 [main] DEBUG - Save part 'docProps/app.xml'
15:45:54.507 [main] DEBUG - Save part 'docProps/core.xml'
15:45:54.509 [main] DEBUG - Save part 'xl/sharedStrings.xml'
15:45:54.510 [main] DEBUG - Save part 'xl/styles.xml'
15:45:54.510 [main] DEBUG - Save part 'xl/theme/theme1.xml'
15:45:54.511 [main] DEBUG - Save part 'xl/workbook.xml'
15:45:54.514 [main] DEBUG - Save part 'xl/worksheets/sheet1.xml'
15:45:54.514 [main] DEBUG - Save part 'xl/worksheets/sheet2.xml'
15:45:54.514 [main] DEBUG - Save part 'xl/worksheets/sheet3.xml'
15:45:54.514 [main] DEBUG - Save part 'xl/worksheets/sheet4.xml'
15:45:54.544 [main] DEBUG - Parsing relationship: /xl/_rels/workbook.xml.rels
15:45:54.545 [main] DEBUG - Parsing relationship: /_rels/.rels
15:45:54.576 [main] DEBUG - Save content types part
15:45:54.578 [main] DEBUG - Save package relationships
15:45:54.579 [main] DEBUG - Save part 'docProps/app.xml'
15:45:54.579 [main] DEBUG - Save part 'docProps/core.xml'
15:45:54.580 [main] DEBUG - Save part 'xl/sharedStrings.xml'
15:45:54.581 [main] DEBUG - Save part 'xl/styles.xml'
15:45:54.581 [main] DEBUG - Save part 'xl/theme/theme1.xml'
15:45:54.581 [main] DEBUG - Save part 'xl/workbook.xml'
15:45:54.584 [main] DEBUG - Save part 'xl/worksheets/sheet1.xml'
15:45:54.584 [main] DEBUG - Save part 'xl/worksheets/sheet2.xml'
15:45:54.584 [main] DEBUG - Save part 'xl/worksheets/sheet3.xml'
15:45:54.584 [main] DEBUG - Save part 'xl/worksheets/sheet4.xml'
15:45:54.739 [main] DEBUG - Parsing relationship: /xl/_rels/workbook.xml.rels
15:45:54.740 [main] DEBUG - Parsing relationship: /_rels/.rels
15:45:54.758 [main] DEBUG - Save content types part
15:45:54.760 [main] DEBUG - Save package relationships
15:45:54.761 [main] DEBUG - Save part 'docProps/app.xml'
15:45:54.761 [main] DEBUG - Save part 'docProps/core.xml'
15:45:54.762 [main] DEBUG - Save part 'xl/sharedStrings.xml'
15:45:54.762 [main] DEBUG - Save part 'xl/styles.xml'
15:45:54.762 [main] DEBUG - Save part 'xl/theme/theme1.xml'
15:45:54.763 [main] DEBUG - Save part 'xl/workbook.xml'
15:45:54.764 [main] DEBUG - Save part 'xl/worksheets/sheet1.xml'
15:45:54.764 [main] DEBUG - Save part 'xl/worksheets/sheet2.xml'
15:45:54.764 [main] DEBUG - Save part 'xl/worksheets/sheet3.xml'
15:45:54.764 [main] DEBUG - Save part 'xl/worksheets/sheet4.xml'
15:45:54.796 [main] DEBUG - Parsing relationship: /xl/_rels/workbook.xml.rels
15:45:54.797 [main] DEBUG - Parsing relationship: /_rels/.rels
15:45:54.839 [main] DEBUG - Save content types part
15:45:54.842 [main] DEBUG - Save package relationships
15:45:54.845 [main] DEBUG - Save part 'docProps/app.xml'
15:45:54.845 [main] DEBUG - Save part 'docProps/core.xml'
15:45:54.848 [main] DEBUG - Save part 'xl/sharedStrings.xml'
15:45:54.849 [main] DEBUG - Save part 'xl/styles.xml'
15:45:54.850 [main] DEBUG - Save part 'xl/theme/theme1.xml'
15:45:54.851 [main] DEBUG - Save part 'xl/workbook.xml'
15:45:54.853 [main] DEBUG - Save part 'xl/worksheets/sheet1.xml'
15:45:54.853 [main] DEBUG - Save part 'xl/worksheets/sheet2.xml'
15:45:54.853 [main] DEBUG - Save part 'xl/worksheets/sheet3.xml'
15:45:54.854 [main] DEBUG - Save part 'xl/worksheets/sheet4.xml'
15:45:54.888 [main] DEBUG - Parsing relationship: /xl/_rels/workbook.xml.rels
15:45:54.890 [main] DEBUG - Parsing relationship: /_rels/.rels
15:45:54.923 [main] DEBUG - Save content types part
15:45:54.925 [main] DEBUG - Save package relationships
15:45:54.927 [main] DEBUG - Save part 'docProps/app.xml'
15:45:54.927 [main] DEBUG - Save part 'docProps/core.xml'
15:45:54.930 [main] DEBUG - Save part 'xl/sharedStrings.xml'
15:45:54.931 [main] DEBUG - Save part 'xl/styles.xml'
15:45:54.931 [main] DEBUG - Save part 'xl/theme/theme1.xml'
15:45:54.932 [main] DEBUG - Save part 'xl/workbook.xml'
15:45:54.935 [main] DEBUG - Save part 'xl/worksheets/sheet1.xml'
15:45:54.936 [main] DEBUG - Save part 'xl/worksheets/sheet2.xml'
15:45:54.936 [main] DEBUG - Save part 'xl/worksheets/sheet3.xml'
15:45:54.936 [main] DEBUG - Save part 'xl/worksheets/sheet4.xml'
15:45:54.963 [main] INFO  - **** Finished TC_001_UpcomingBike ****
15:47:32.203 [main] INFO  - **** Starting TC_003_LoginSignup ****
15:47:32.206 [main] INFO  - Navigating to the homepage
15:47:34.022 [main] INFO  - Clicking on the Login/Signup button
15:47:40.259 [main] INFO  - Selecting the Google button
15:47:48.634 [main] INFO  - Verifying that the Login/SignUp card is displayed
15:48:05.763 [main] INFO  - Navigating to the Google Accounts sign in page
15:48:22.549 [main] INFO  - Entering email
15:48:28.807 [main] INFO  - Clicking on the next button
15:48:34.310 [main] INFO  - Capturing error message
15:48:44.367 [main] INFO  - **** Finished TC_003_LoginSignup ****
15:49:00.805 [main] INFO  - **** Starting TC_002_UsedCar ****
15:49:00.805 [main] INFO  - Navigating to the homepage
15:49:00.834 [main] INFO  - Hovering over and selecting used cars
15:49:03.044 [main] INFO  - Selecting Chennai used cars
15:49:23.420 [main] INFO  - **** Starting TC_001_UpcomingBike ****
15:49:23.420 [main] INFO  - clicking on  New Bikes 
15:49:28.645 [main] INFO  - Selecting Upcoming Bikes
15:49:33.807 [main] INFO  - checking Upcoming Bikes page is displayed or not
15:49:33.842 [main] INFO  - clicking on Manufacturers dropdown
15:49:36.054 [main] INFO  - selecting Honda brand
15:49:39.223 [main] INFO  - checking ViewMore button visibility
15:50:07.610 [main] INFO  - checking Honda upcoming Bikes page is displayed or not
15:50:07.658 [main] INFO  - checking all honda bikes names are there or not
15:50:07.701 [main] INFO  - checking all honda bikes prices are there or not
15:50:07.764 [main] INFO  - checking all honda bikes expected dates are there or not
15:50:07.803 [main] INFO  - Displaying bikes details
15:50:10.244 [main] DEBUG - Parsing relationship: /xl/_rels/workbook.xml.rels
15:50:10.247 [main] DEBUG - Parsing relationship: /_rels/.rels
15:50:10.462 [main] TRACE - Loading type system org.apache.poi.schemas.ooxml.system.ooxml
15:50:10.465 [main] TRACE - Loading type system org.apache.xmlbeans.metadata.system.sXMLCONFIG
15:50:10.465 [main] TRACE - Loading type system org.apache.xmlbeans.metadata.system.sXMLLANG
15:50:10.466 [main] TRACE - Loading type system org.apache.xmlbeans.metadata.system.sXMLSCHEMA
15:50:10.467 [main] TRACE - Loading type system org.apache.xmlbeans.metadata.system.sXMLTOOLS
15:50:10.468 [main] TRACE - Reading unresolved handles for type system org.apache.xmlbeans.metadata.system.sXMLTOOLS
15:50:10.479 [main] TRACE - Finished loading type system org.apache.xmlbeans.metadata.system.sXMLTOOLS
15:50:10.480 [main] TRACE - Reading unresolved handles for type system org.apache.xmlbeans.metadata.system.sXMLSCHEMA
15:50:10.484 [main] TRACE - Finished loading type system org.apache.xmlbeans.metadata.system.sXMLSCHEMA
15:50:10.485 [main] TRACE - Reading unresolved handles for type system org.apache.xmlbeans.metadata.system.sXMLLANG
15:50:10.485 [main] TRACE - Finished loading type system org.apache.xmlbeans.metadata.system.sXMLLANG
15:50:10.487 [main] TRACE - Reading unresolved handles for type system org.apache.xmlbeans.metadata.system.sXMLCONFIG
15:50:10.488 [main] TRACE - Finished loading type system org.apache.xmlbeans.metadata.system.sXMLCONFIG
15:50:10.488 [main] TRACE - Reading unresolved handles for type system org.apache.poi.schemas.ooxml.system.ooxml
15:50:10.534 [main] TRACE - Finished loading type system org.apache.poi.schemas.ooxml.system.ooxml
15:50:10.535 [main] TRACE - Resolving type for handle themefd26doctype
15:50:10.623 [main] TRACE - Resolving type for handle stylesheet5d8bdoctype
15:50:10.629 [main] TRACE - Resolving type for handle ctstylesheet4257type
15:50:10.644 [main] TRACE - Resolving type for handle ctnumfmtsb58btype
15:50:10.648 [main] TRACE - Resolving type for handle ctfonts6623type
15:50:10.652 [main] TRACE - Resolving type for handle ctfont14d8type
15:50:10.661 [main] TRACE - Resolving type for handle ctfills2c6ftype
15:50:10.665 [main] TRACE - Resolving type for handle ctfill550ctype
15:50:10.669 [main] TRACE - Resolving type for handle ctborders0d66type
15:50:10.673 [main] TRACE - Resolving type for handle ctborderf935type
15:50:10.678 [main] TRACE - Resolving type for handle ctcellxfs1322type
15:50:10.682 [main] TRACE - Resolving type for handle ctxf97f7type
15:50:10.686 [main] TRACE - Resolving type for handle ctcellstylexfsa81ftype
15:50:10.690 [main] TRACE - Resolving type for handle ctdxfsb26atype
15:50:10.694 [main] TRACE - Resolving type for handle cttablestyles872ftype
15:50:10.699 [main] TRACE - Resolving type for handle sstf81fdoctype
15:50:10.707 [main] TRACE - Resolving type for handle ctsst44f3type
15:50:10.723 [main] TRACE - Resolving type for handle ctrsta472type
15:50:10.765 [main] TRACE - Resolving type for handle workbookec17doctype
15:50:10.773 [main] TRACE - Resolving type for handle ctworkbook83c3type
15:50:10.780 [main] TRACE - Resolving type for handle ctsheets49fdtype
15:50:10.784 [main] TRACE - Resolving type for handle ctsheet4dbetype
15:50:10.787 [main] TRACE - Resolving type for handle strelationshipid1e94type
15:50:10.791 [main] TRACE - Resolving type for handle worksheetf539doctype
15:50:10.799 [main] TRACE - Resolving type for handle ctworksheet530dtype
15:50:10.810 [main] TRACE - Resolving type for handle ctsheetdata8408type
15:50:10.819 [main] TRACE - Resolving type for handle ctcols627ctype
15:50:10.838 [main] TRACE - Resolving type for handle ctrowdd39type
15:50:10.846 [main] TRACE - Resolving type for handle ctcell842btype
15:50:10.857 [main] TRACE - Resolving type for handle stcellrefe4e0type
15:50:10.882 [main] TRACE - Resolving type for handle stxstringf179type
15:50:10.894 [main] TRACE - Resolving type for handle stcelltypebf95type
15:50:10.936 [main] TRACE - Resolving type for handle stcellstylexfid70c7type
15:50:10.953 [main] TRACE - Resolving type for handle ctsheetdimensiond310type
15:50:10.957 [main] TRACE - Resolving type for handle stref90a2type
15:50:10.968 [main] TRACE - Resolving type for handle propertiesee84doctype
15:50:10.972 [main] TRACE - Resolving type for handle ctproperties3f10type
15:50:10.979 [main] TRACE - Resolving type for handle properties288cdoctype
15:50:10.982 [main] TRACE - Resolving type for handle ctproperties2c18type
15:50:11.002 [main] DEBUG - Save content types part
15:50:11.097 [main] DEBUG - Save package relationships
15:50:11.102 [main] DEBUG - Save part 'docProps/app.xml'
15:50:11.102 [main] DEBUG - Save part 'docProps/core.xml'
15:50:11.106 [main] DEBUG - Save part 'xl/sharedStrings.xml'
15:50:11.106 [main] DEBUG - Save part 'xl/styles.xml'
15:50:11.107 [main] DEBUG - Save part 'xl/theme/theme1.xml'
15:50:11.107 [main] DEBUG - Save part 'xl/workbook.xml'
15:50:11.110 [main] DEBUG - Save part 'xl/worksheets/sheet1.xml'
15:50:11.110 [main] DEBUG - Save part 'xl/worksheets/sheet2.xml'
15:50:11.110 [main] DEBUG - Save part 'xl/worksheets/sheet3.xml'
15:50:11.110 [main] DEBUG - Save part 'xl/worksheets/sheet4.xml'
15:50:11.142 [main] DEBUG - Parsing relationship: /xl/_rels/workbook.xml.rels
15:50:11.143 [main] DEBUG - Parsing relationship: /_rels/.rels
15:50:11.182 [main] DEBUG - Save content types part
15:50:11.183 [main] DEBUG - Save package relationships
15:50:11.185 [main] DEBUG - Save part 'docProps/app.xml'
15:50:11.185 [main] DEBUG - Save part 'docProps/core.xml'
15:50:11.186 [main] DEBUG - Save part 'xl/sharedStrings.xml'
15:50:11.187 [main] DEBUG - Save part 'xl/styles.xml'
15:50:11.187 [main] DEBUG - Save part 'xl/theme/theme1.xml'
15:50:11.187 [main] DEBUG - Save part 'xl/workbook.xml'
15:50:11.189 [main] DEBUG - Save part 'xl/worksheets/sheet1.xml'
15:50:11.189 [main] DEBUG - Save part 'xl/worksheets/sheet2.xml'
15:50:11.189 [main] DEBUG - Save part 'xl/worksheets/sheet3.xml'
15:50:11.190 [main] DEBUG - Save part 'xl/worksheets/sheet4.xml'
15:50:11.215 [main] DEBUG - Parsing relationship: /xl/_rels/workbook.xml.rels
15:50:11.216 [main] DEBUG - Parsing relationship: /_rels/.rels
15:50:11.258 [main] DEBUG - Save content types part
15:50:11.260 [main] DEBUG - Save package relationships
15:50:11.261 [main] DEBUG - Save part 'docProps/app.xml'
15:50:11.262 [main] DEBUG - Save part 'docProps/core.xml'
15:50:11.263 [main] DEBUG - Save part 'xl/sharedStrings.xml'
15:50:11.264 [main] DEBUG - Save part 'xl/styles.xml'
15:50:11.265 [main] DEBUG - Save part 'xl/theme/theme1.xml'
15:50:11.265 [main] DEBUG - Save part 'xl/workbook.xml'
15:50:11.268 [main] DEBUG - Save part 'xl/worksheets/sheet1.xml'
15:50:11.268 [main] DEBUG - Save part 'xl/worksheets/sheet2.xml'
15:50:11.268 [main] DEBUG - Save part 'xl/worksheets/sheet3.xml'
15:50:11.268 [main] DEBUG - Save part 'xl/worksheets/sheet4.xml'
15:50:11.516 [main] DEBUG - Parsing relationship: /xl/_rels/workbook.xml.rels
15:50:11.518 [main] DEBUG - Parsing relationship: /_rels/.rels
15:50:11.580 [main] DEBUG - Save content types part
15:50:11.582 [main] DEBUG - Save package relationships
15:50:11.583 [main] DEBUG - Save part 'docProps/app.xml'
15:50:11.583 [main] DEBUG - Save part 'docProps/core.xml'
15:50:11.584 [main] DEBUG - Save part 'xl/sharedStrings.xml'
15:50:11.584 [main] DEBUG - Save part 'xl/styles.xml'
15:50:11.584 [main] DEBUG - Save part 'xl/theme/theme1.xml'
15:50:11.585 [main] DEBUG - Save part 'xl/workbook.xml'
15:50:11.587 [main] DEBUG - Save part 'xl/worksheets/sheet1.xml'
15:50:11.587 [main] DEBUG - Save part 'xl/worksheets/sheet2.xml'
15:50:11.587 [main] DEBUG - Save part 'xl/worksheets/sheet3.xml'
15:50:11.587 [main] DEBUG - Save part 'xl/worksheets/sheet4.xml'
15:50:11.613 [main] DEBUG - Parsing relationship: /xl/_rels/workbook.xml.rels
15:50:11.614 [main] DEBUG - Parsing relationship: /_rels/.rels
15:50:11.646 [main] DEBUG - Save content types part
15:50:11.647 [main] DEBUG - Save package relationships
15:50:11.649 [main] DEBUG - Save part 'docProps/app.xml'
15:50:11.649 [main] DEBUG - Save part 'docProps/core.xml'
15:50:11.650 [main] DEBUG - Save part 'xl/sharedStrings.xml'
15:50:11.650 [main] DEBUG - Save part 'xl/styles.xml'
15:50:11.650 [main] DEBUG - Save part 'xl/theme/theme1.xml'
15:50:11.651 [main] DEBUG - Save part 'xl/workbook.xml'
15:50:11.652 [main] DEBUG - Save part 'xl/worksheets/sheet1.xml'
15:50:11.653 [main] DEBUG - Save part 'xl/worksheets/sheet2.xml'
15:50:11.653 [main] DEBUG - Save part 'xl/worksheets/sheet3.xml'
15:50:11.653 [main] DEBUG - Save part 'xl/worksheets/sheet4.xml'
15:50:11.678 [main] DEBUG - Parsing relationship: /xl/_rels/workbook.xml.rels
15:50:11.680 [main] DEBUG - Parsing relationship: /_rels/.rels
15:50:11.722 [main] DEBUG - Save content types part
15:50:11.724 [main] DEBUG - Save package relationships
15:50:11.726 [main] DEBUG - Save part 'docProps/app.xml'
15:50:11.726 [main] DEBUG - Save part 'docProps/core.xml'
15:50:11.728 [main] DEBUG - Save part 'xl/sharedStrings.xml'
15:50:11.728 [main] DEBUG - Save part 'xl/styles.xml'
15:50:11.728 [main] DEBUG - Save part 'xl/theme/theme1.xml'
15:50:11.729 [main] DEBUG - Save part 'xl/workbook.xml'
15:50:11.731 [main] DEBUG - Save part 'xl/worksheets/sheet1.xml'
15:50:11.732 [main] DEBUG - Save part 'xl/worksheets/sheet2.xml'
15:50:11.732 [main] DEBUG - Save part 'xl/worksheets/sheet3.xml'
15:50:11.733 [main] DEBUG - Save part 'xl/worksheets/sheet4.xml'
15:50:11.858 [main] DEBUG - Parsing relationship: /xl/_rels/workbook.xml.rels
15:50:11.860 [main] DEBUG - Parsing relationship: /_rels/.rels
15:50:11.902 [main] DEBUG - Save content types part
15:50:11.906 [main] DEBUG - Save package relationships
15:50:11.908 [main] DEBUG - Save part 'docProps/app.xml'
15:50:11.909 [main] DEBUG - Save part 'docProps/core.xml'
15:50:11.913 [main] DEBUG - Save part 'xl/sharedStrings.xml'
15:50:11.913 [main] DEBUG - Save part 'xl/styles.xml'
15:50:11.914 [main] DEBUG - Save part 'xl/theme/theme1.xml'
15:50:11.914 [main] DEBUG - Save part 'xl/workbook.xml'
15:50:11.917 [main] DEBUG - Save part 'xl/worksheets/sheet1.xml'
15:50:11.917 [main] DEBUG - Save part 'xl/worksheets/sheet2.xml'
15:50:11.918 [main] DEBUG - Save part 'xl/worksheets/sheet3.xml'
15:50:11.919 [main] DEBUG - Save part 'xl/worksheets/sheet4.xml'
15:50:11.948 [main] DEBUG - Parsing relationship: /xl/_rels/workbook.xml.rels
15:50:11.949 [main] DEBUG - Parsing relationship: /_rels/.rels
15:50:12.004 [main] DEBUG - Save content types part
15:50:12.008 [main] DEBUG - Save package relationships
15:50:12.011 [main] DEBUG - Save part 'docProps/app.xml'
15:50:12.012 [main] DEBUG - Save part 'docProps/core.xml'
15:50:12.016 [main] DEBUG - Save part 'xl/sharedStrings.xml'
15:50:12.017 [main] DEBUG - Save part 'xl/styles.xml'
15:50:12.017 [main] DEBUG - Save part 'xl/theme/theme1.xml'
15:50:12.019 [main] DEBUG - Save part 'xl/workbook.xml'
15:50:12.022 [main] DEBUG - Save part 'xl/worksheets/sheet1.xml'
15:50:12.023 [main] DEBUG - Save part 'xl/worksheets/sheet2.xml'
15:50:12.024 [main] DEBUG - Save part 'xl/worksheets/sheet3.xml'
15:50:12.024 [main] DEBUG - Save part 'xl/worksheets/sheet4.xml'
15:50:12.076 [main] DEBUG - Parsing relationship: /xl/_rels/workbook.xml.rels
15:50:12.078 [main] DEBUG - Parsing relationship: /_rels/.rels
15:50:12.119 [main] DEBUG - Save content types part
15:50:12.122 [main] DEBUG - Save package relationships
15:50:12.124 [main] DEBUG - Save part 'docProps/app.xml'
15:50:12.125 [main] DEBUG - Save part 'docProps/core.xml'
15:50:12.127 [main] DEBUG - Save part 'xl/sharedStrings.xml'
15:50:12.128 [main] DEBUG - Save part 'xl/styles.xml'
15:50:12.128 [main] DEBUG - Save part 'xl/theme/theme1.xml'
15:50:12.129 [main] DEBUG - Save part 'xl/workbook.xml'
15:50:12.132 [main] DEBUG - Save part 'xl/worksheets/sheet1.xml'
15:50:12.132 [main] DEBUG - Save part 'xl/worksheets/sheet2.xml'
15:50:12.133 [main] DEBUG - Save part 'xl/worksheets/sheet3.xml'
15:50:12.133 [main] DEBUG - Save part 'xl/worksheets/sheet4.xml'
15:50:12.465 [main] DEBUG - Parsing relationship: /xl/_rels/workbook.xml.rels
15:50:12.466 [main] DEBUG - Parsing relationship: /_rels/.rels
15:50:12.523 [main] DEBUG - Save content types part
15:50:12.526 [main] DEBUG - Save package relationships
15:50:12.528 [main] DEBUG - Save part 'docProps/app.xml'
15:50:12.528 [main] DEBUG - Save part 'docProps/core.xml'
15:50:12.531 [main] DEBUG - Save part 'xl/sharedStrings.xml'
15:50:12.531 [main] DEBUG - Save part 'xl/styles.xml'
15:50:12.532 [main] DEBUG - Save part 'xl/theme/theme1.xml'
15:50:12.533 [main] DEBUG - Save part 'xl/workbook.xml'
15:50:12.535 [main] DEBUG - Save part 'xl/worksheets/sheet1.xml'
15:50:12.535 [main] DEBUG - Save part 'xl/worksheets/sheet2.xml'
15:50:12.535 [main] DEBUG - Save part 'xl/worksheets/sheet3.xml'
15:50:12.535 [main] DEBUG - Save part 'xl/worksheets/sheet4.xml'
15:50:12.562 [main] DEBUG - Parsing relationship: /xl/_rels/workbook.xml.rels
15:50:12.564 [main] DEBUG - Parsing relationship: /_rels/.rels
15:50:12.592 [main] DEBUG - Save content types part
15:50:12.593 [main] DEBUG - Save package relationships
15:50:12.595 [main] DEBUG - Save part 'docProps/app.xml'
15:50:12.595 [main] DEBUG - Save part 'docProps/core.xml'
15:50:12.597 [main] DEBUG - Save part 'xl/sharedStrings.xml'
15:50:12.597 [main] DEBUG - Save part 'xl/styles.xml'
15:50:12.597 [main] DEBUG - Save part 'xl/theme/theme1.xml'
15:50:12.598 [main] DEBUG - Save part 'xl/workbook.xml'
15:50:12.600 [main] DEBUG - Save part 'xl/worksheets/sheet1.xml'
15:50:12.600 [main] DEBUG - Save part 'xl/worksheets/sheet2.xml'
15:50:12.600 [main] DEBUG - Save part 'xl/worksheets/sheet3.xml'
15:50:12.600 [main] DEBUG - Save part 'xl/worksheets/sheet4.xml'
15:50:12.624 [main] DEBUG - Parsing relationship: /xl/_rels/workbook.xml.rels
15:50:12.625 [main] DEBUG - Parsing relationship: /_rels/.rels
15:50:12.654 [main] DEBUG - Save content types part
15:50:12.655 [main] DEBUG - Save package relationships
15:50:12.656 [main] DEBUG - Save part 'docProps/app.xml'
15:50:12.657 [main] DEBUG - Save part 'docProps/core.xml'
15:50:12.659 [main] DEBUG - Save part 'xl/sharedStrings.xml'
15:50:12.659 [main] DEBUG - Save part 'xl/styles.xml'
15:50:12.659 [main] DEBUG - Save part 'xl/theme/theme1.xml'
15:50:12.660 [main] DEBUG - Save part 'xl/workbook.xml'
15:50:12.661 [main] DEBUG - Save part 'xl/worksheets/sheet1.xml'
15:50:12.662 [main] DEBUG - Save part 'xl/worksheets/sheet2.xml'
15:50:12.662 [main] DEBUG - Save part 'xl/worksheets/sheet3.xml'
15:50:12.662 [main] DEBUG - Save part 'xl/worksheets/sheet4.xml'
15:50:12.792 [main] DEBUG - Parsing relationship: /xl/_rels/workbook.xml.rels
15:50:12.793 [main] DEBUG - Parsing relationship: /_rels/.rels
15:50:12.821 [main] DEBUG - Save content types part
15:50:12.823 [main] DEBUG - Save package relationships
15:50:12.825 [main] DEBUG - Save part 'docProps/app.xml'
15:50:12.825 [main] DEBUG - Save part 'docProps/core.xml'
15:50:12.827 [main] DEBUG - Save part 'xl/sharedStrings.xml'
15:50:12.827 [main] DEBUG - Save part 'xl/styles.xml'
15:50:12.827 [main] DEBUG - Save part 'xl/theme/theme1.xml'
15:50:12.828 [main] DEBUG - Save part 'xl/workbook.xml'
15:50:12.829 [main] DEBUG - Save part 'xl/worksheets/sheet1.xml'
15:50:12.830 [main] DEBUG - Save part 'xl/worksheets/sheet2.xml'
15:50:12.830 [main] DEBUG - Save part 'xl/worksheets/sheet3.xml'
15:50:12.830 [main] DEBUG - Save part 'xl/worksheets/sheet4.xml'
15:50:12.858 [main] DEBUG - Parsing relationship: /xl/_rels/workbook.xml.rels
15:50:12.859 [main] DEBUG - Parsing relationship: /_rels/.rels
15:50:12.881 [main] DEBUG - Save content types part
15:50:12.885 [main] DEBUG - Save package relationships
15:50:12.887 [main] DEBUG - Save part 'docProps/app.xml'
15:50:12.887 [main] DEBUG - Save part 'docProps/core.xml'
15:50:12.888 [main] DEBUG - Save part 'xl/sharedStrings.xml'
15:50:12.889 [main] DEBUG - Save part 'xl/styles.xml'
15:50:12.889 [main] DEBUG - Save part 'xl/theme/theme1.xml'
15:50:12.889 [main] DEBUG - Save part 'xl/workbook.xml'
15:50:12.891 [main] DEBUG - Save part 'xl/worksheets/sheet1.xml'
15:50:12.891 [main] DEBUG - Save part 'xl/worksheets/sheet2.xml'
15:50:12.892 [main] DEBUG - Save part 'xl/worksheets/sheet3.xml'
15:50:12.892 [main] DEBUG - Save part 'xl/worksheets/sheet4.xml'
15:50:12.918 [main] DEBUG - Parsing relationship: /xl/_rels/workbook.xml.rels
15:50:12.919 [main] DEBUG - Parsing relationship: /_rels/.rels
15:50:12.944 [main] DEBUG - Save content types part
15:50:12.947 [main] DEBUG - Save package relationships
15:50:12.949 [main] DEBUG - Save part 'docProps/app.xml'
15:50:12.949 [main] DEBUG - Save part 'docProps/core.xml'
15:50:12.952 [main] DEBUG - Save part 'xl/sharedStrings.xml'
15:50:12.952 [main] DEBUG - Save part 'xl/styles.xml'
15:50:12.953 [main] DEBUG - Save part 'xl/theme/theme1.xml'
15:50:12.953 [main] DEBUG - Save part 'xl/workbook.xml'
15:50:12.956 [main] DEBUG - Save part 'xl/worksheets/sheet1.xml'
15:50:12.956 [main] DEBUG - Save part 'xl/worksheets/sheet2.xml'
15:50:12.956 [main] DEBUG - Save part 'xl/worksheets/sheet3.xml'
15:50:12.956 [main] DEBUG - Save part 'xl/worksheets/sheet4.xml'
15:50:13.372 [main] DEBUG - Parsing relationship: /xl/_rels/workbook.xml.rels
15:50:13.373 [main] DEBUG - Parsing relationship: /_rels/.rels
15:50:13.414 [main] DEBUG - Save content types part
15:50:13.415 [main] DEBUG - Save package relationships
15:50:13.417 [main] DEBUG - Save part 'docProps/app.xml'
15:50:13.417 [main] DEBUG - Save part 'docProps/core.xml'
15:50:13.418 [main] DEBUG - Save part 'xl/sharedStrings.xml'
15:50:13.419 [main] DEBUG - Save part 'xl/styles.xml'
15:50:13.419 [main] DEBUG - Save part 'xl/theme/theme1.xml'
15:50:13.419 [main] DEBUG - Save part 'xl/workbook.xml'
15:50:13.420 [main] DEBUG - Save part 'xl/worksheets/sheet1.xml'
15:50:13.421 [main] DEBUG - Save part 'xl/worksheets/sheet2.xml'
15:50:13.421 [main] DEBUG - Save part 'xl/worksheets/sheet3.xml'
15:50:13.421 [main] DEBUG - Save part 'xl/worksheets/sheet4.xml'
15:50:13.448 [main] DEBUG - Parsing relationship: /xl/_rels/workbook.xml.rels
15:50:13.448 [main] DEBUG - Parsing relationship: /_rels/.rels
15:50:13.472 [main] DEBUG - Save content types part
15:50:13.475 [main] DEBUG - Save package relationships
15:50:13.476 [main] DEBUG - Save part 'docProps/app.xml'
15:50:13.476 [main] DEBUG - Save part 'docProps/core.xml'
15:50:13.479 [main] DEBUG - Save part 'xl/sharedStrings.xml'
15:50:13.480 [main] DEBUG - Save part 'xl/styles.xml'
15:50:13.480 [main] DEBUG - Save part 'xl/theme/theme1.xml'
15:50:13.481 [main] DEBUG - Save part 'xl/workbook.xml'
15:50:13.482 [main] DEBUG - Save part 'xl/worksheets/sheet1.xml'
15:50:13.483 [main] DEBUG - Save part 'xl/worksheets/sheet2.xml'
15:50:13.483 [main] DEBUG - Save part 'xl/worksheets/sheet3.xml'
15:50:13.483 [main] DEBUG - Save part 'xl/worksheets/sheet4.xml'
15:50:13.507 [main] DEBUG - Parsing relationship: /xl/_rels/workbook.xml.rels
15:50:13.508 [main] DEBUG - Parsing relationship: /_rels/.rels
15:50:13.529 [main] DEBUG - Save content types part
15:50:13.530 [main] DEBUG - Save package relationships
15:50:13.531 [main] DEBUG - Save part 'docProps/app.xml'
15:50:13.531 [main] DEBUG - Save part 'docProps/core.xml'
15:50:13.532 [main] DEBUG - Save part 'xl/sharedStrings.xml'
15:50:13.532 [main] DEBUG - Save part 'xl/styles.xml'
15:50:13.533 [main] DEBUG - Save part 'xl/theme/theme1.xml'
15:50:13.533 [main] DEBUG - Save part 'xl/workbook.xml'
15:50:13.534 [main] DEBUG - Save part 'xl/worksheets/sheet1.xml'
15:50:13.534 [main] DEBUG - Save part 'xl/worksheets/sheet2.xml'
15:50:13.534 [main] DEBUG - Save part 'xl/worksheets/sheet3.xml'
15:50:13.534 [main] DEBUG - Save part 'xl/worksheets/sheet4.xml'
15:50:13.645 [main] DEBUG - Parsing relationship: /xl/_rels/workbook.xml.rels
15:50:13.645 [main] DEBUG - Parsing relationship: /_rels/.rels
15:50:13.675 [main] DEBUG - Save content types part
15:50:13.677 [main] DEBUG - Save package relationships
15:50:13.678 [main] DEBUG - Save part 'docProps/app.xml'
15:50:13.678 [main] DEBUG - Save part 'docProps/core.xml'
15:50:13.681 [main] DEBUG - Save part 'xl/sharedStrings.xml'
15:50:13.681 [main] DEBUG - Save part 'xl/styles.xml'
15:50:13.681 [main] DEBUG - Save part 'xl/theme/theme1.xml'
15:50:13.682 [main] DEBUG - Save part 'xl/workbook.xml'
15:50:13.685 [main] DEBUG - Save part 'xl/worksheets/sheet1.xml'
15:50:13.685 [main] DEBUG - Save part 'xl/worksheets/sheet2.xml'
15:50:13.685 [main] DEBUG - Save part 'xl/worksheets/sheet3.xml'
15:50:13.685 [main] DEBUG - Save part 'xl/worksheets/sheet4.xml'
15:50:13.712 [main] DEBUG - Parsing relationship: /xl/_rels/workbook.xml.rels
15:50:13.713 [main] DEBUG - Parsing relationship: /_rels/.rels
15:50:13.733 [main] DEBUG - Save content types part
15:50:13.734 [main] DEBUG - Save package relationships
15:50:13.735 [main] DEBUG - Save part 'docProps/app.xml'
15:50:13.735 [main] DEBUG - Save part 'docProps/core.xml'
15:50:13.737 [main] DEBUG - Save part 'xl/sharedStrings.xml'
15:50:13.738 [main] DEBUG - Save part 'xl/styles.xml'
15:50:13.738 [main] DEBUG - Save part 'xl/theme/theme1.xml'
15:50:13.738 [main] DEBUG - Save part 'xl/workbook.xml'
15:50:13.740 [main] DEBUG - Save part 'xl/worksheets/sheet1.xml'
15:50:13.740 [main] DEBUG - Save part 'xl/worksheets/sheet2.xml'
15:50:13.741 [main] DEBUG - Save part 'xl/worksheets/sheet3.xml'
15:50:13.741 [main] DEBUG - Save part 'xl/worksheets/sheet4.xml'
15:50:13.769 [main] DEBUG - Parsing relationship: /xl/_rels/workbook.xml.rels
15:50:13.770 [main] DEBUG - Parsing relationship: /_rels/.rels
15:50:13.795 [main] DEBUG - Save content types part
15:50:13.796 [main] DEBUG - Save package relationships
15:50:13.797 [main] DEBUG - Save part 'docProps/app.xml'
15:50:13.798 [main] DEBUG - Save part 'docProps/core.xml'
15:50:13.799 [main] DEBUG - Save part 'xl/sharedStrings.xml'
15:50:13.799 [main] DEBUG - Save part 'xl/styles.xml'
15:50:13.800 [main] DEBUG - Save part 'xl/theme/theme1.xml'
15:50:13.800 [main] DEBUG - Save part 'xl/workbook.xml'
15:50:13.802 [main] DEBUG - Save part 'xl/worksheets/sheet1.xml'
15:50:13.802 [main] DEBUG - Save part 'xl/worksheets/sheet2.xml'
15:50:13.802 [main] DEBUG - Save part 'xl/worksheets/sheet3.xml'
15:50:13.802 [main] DEBUG - Save part 'xl/worksheets/sheet4.xml'
15:50:13.921 [main] DEBUG - Parsing relationship: /xl/_rels/workbook.xml.rels
15:50:13.922 [main] DEBUG - Parsing relationship: /_rels/.rels
15:50:13.946 [main] DEBUG - Save content types part
15:50:13.948 [main] DEBUG - Save package relationships
15:50:13.950 [main] DEBUG - Save part 'docProps/app.xml'
15:50:13.951 [main] DEBUG - Save part 'docProps/core.xml'
15:50:13.952 [main] DEBUG - Save part 'xl/sharedStrings.xml'
15:50:13.953 [main] DEBUG - Save part 'xl/styles.xml'
15:50:13.953 [main] DEBUG - Save part 'xl/theme/theme1.xml'
15:50:13.954 [main] DEBUG - Save part 'xl/workbook.xml'
15:50:13.956 [main] DEBUG - Save part 'xl/worksheets/sheet1.xml'
15:50:13.956 [main] DEBUG - Save part 'xl/worksheets/sheet2.xml'
15:50:13.957 [main] DEBUG - Save part 'xl/worksheets/sheet3.xml'
15:50:13.957 [main] DEBUG - Save part 'xl/worksheets/sheet4.xml'
15:50:13.982 [main] DEBUG - Parsing relationship: /xl/_rels/workbook.xml.rels
15:50:13.983 [main] DEBUG - Parsing relationship: /_rels/.rels
15:50:14.010 [main] DEBUG - Save content types part
15:50:14.012 [main] DEBUG - Save package relationships
15:50:14.013 [main] DEBUG - Save part 'docProps/app.xml'
15:50:14.014 [main] DEBUG - Save part 'docProps/core.xml'
15:50:14.015 [main] DEBUG - Save part 'xl/sharedStrings.xml'
15:50:14.015 [main] DEBUG - Save part 'xl/styles.xml'
15:50:14.015 [main] DEBUG - Save part 'xl/theme/theme1.xml'
15:50:14.016 [main] DEBUG - Save part 'xl/workbook.xml'
15:50:14.017 [main] DEBUG - Save part 'xl/worksheets/sheet1.xml'
15:50:14.017 [main] DEBUG - Save part 'xl/worksheets/sheet2.xml'
15:50:14.017 [main] DEBUG - Save part 'xl/worksheets/sheet3.xml'
15:50:14.018 [main] DEBUG - Save part 'xl/worksheets/sheet4.xml'
15:50:14.042 [main] DEBUG - Parsing relationship: /xl/_rels/workbook.xml.rels
15:50:14.043 [main] DEBUG - Parsing relationship: /_rels/.rels
15:50:14.066 [main] DEBUG - Save content types part
15:50:14.067 [main] DEBUG - Save package relationships
15:50:14.068 [main] DEBUG - Save part 'docProps/app.xml'
15:50:14.069 [main] DEBUG - Save part 'docProps/core.xml'
15:50:14.070 [main] DEBUG - Save part 'xl/sharedStrings.xml'
15:50:14.070 [main] DEBUG - Save part 'xl/styles.xml'
15:50:14.070 [main] DEBUG - Save part 'xl/theme/theme1.xml'
15:50:14.071 [main] DEBUG - Save part 'xl/workbook.xml'
15:50:14.073 [main] DEBUG - Save part 'xl/worksheets/sheet1.xml'
15:50:14.074 [main] DEBUG - Save part 'xl/worksheets/sheet2.xml'
15:50:14.074 [main] DEBUG - Save part 'xl/worksheets/sheet3.xml'
15:50:14.074 [main] DEBUG - Save part 'xl/worksheets/sheet4.xml'
15:50:14.163 [main] DEBUG - Parsing relationship: /xl/_rels/workbook.xml.rels
15:50:14.164 [main] DEBUG - Parsing relationship: /_rels/.rels
15:50:14.180 [main] DEBUG - Save content types part
15:50:14.181 [main] DEBUG - Save package relationships
15:50:14.182 [main] DEBUG - Save part 'docProps/app.xml'
15:50:14.183 [main] DEBUG - Save part 'docProps/core.xml'
15:50:14.183 [main] DEBUG - Save part 'xl/sharedStrings.xml'
15:50:14.184 [main] DEBUG - Save part 'xl/styles.xml'
15:50:14.184 [main] DEBUG - Save part 'xl/theme/theme1.xml'
15:50:14.184 [main] DEBUG - Save part 'xl/workbook.xml'
15:50:14.185 [main] DEBUG - Save part 'xl/worksheets/sheet1.xml'
15:50:14.185 [main] DEBUG - Save part 'xl/worksheets/sheet2.xml'
15:50:14.185 [main] DEBUG - Save part 'xl/worksheets/sheet3.xml'
15:50:14.186 [main] DEBUG - Save part 'xl/worksheets/sheet4.xml'
15:50:14.208 [main] DEBUG - Parsing relationship: /xl/_rels/workbook.xml.rels
15:50:14.208 [main] DEBUG - Parsing relationship: /_rels/.rels
15:50:14.224 [main] DEBUG - Save content types part
15:50:14.225 [main] DEBUG - Save package relationships
15:50:14.226 [main] DEBUG - Save part 'docProps/app.xml'
15:50:14.227 [main] DEBUG - Save part 'docProps/core.xml'
15:50:14.228 [main] DEBUG - Save part 'xl/sharedStrings.xml'
15:50:14.228 [main] DEBUG - Save part 'xl/styles.xml'
15:50:14.228 [main] DEBUG - Save part 'xl/theme/theme1.xml'
15:50:14.228 [main] DEBUG - Save part 'xl/workbook.xml'
15:50:14.230 [main] DEBUG - Save part 'xl/worksheets/sheet1.xml'
15:50:14.230 [main] DEBUG - Save part 'xl/worksheets/sheet2.xml'
15:50:14.230 [main] DEBUG - Save part 'xl/worksheets/sheet3.xml'
15:50:14.231 [main] DEBUG - Save part 'xl/worksheets/sheet4.xml'
15:50:14.251 [main] DEBUG - Parsing relationship: /xl/_rels/workbook.xml.rels
15:50:14.252 [main] DEBUG - Parsing relationship: /_rels/.rels
15:50:14.266 [main] DEBUG - Save content types part
15:50:14.267 [main] DEBUG - Save package relationships
15:50:14.268 [main] DEBUG - Save part 'docProps/app.xml'
15:50:14.268 [main] DEBUG - Save part 'docProps/core.xml'
15:50:14.269 [main] DEBUG - Save part 'xl/sharedStrings.xml'
15:50:14.269 [main] DEBUG - Save part 'xl/styles.xml'
15:50:14.270 [main] DEBUG - Save part 'xl/theme/theme1.xml'
15:50:14.270 [main] DEBUG - Save part 'xl/workbook.xml'
15:50:14.271 [main] DEBUG - Save part 'xl/worksheets/sheet1.xml'
15:50:14.271 [main] DEBUG - Save part 'xl/worksheets/sheet2.xml'
15:50:14.271 [main] DEBUG - Save part 'xl/worksheets/sheet3.xml'
15:50:14.271 [main] DEBUG - Save part 'xl/worksheets/sheet4.xml'
15:50:14.290 [main] INFO  - **** Finished TC_001_UpcomingBike ****
10:03:40.080 [main] INFO  - **** Starting TC_002_UsedCar ****
10:03:40.084 [main] INFO  - Navigating to the homepage
10:03:40.110 [main] INFO  - Hovering over and selecting used cars
10:03:42.302 [main] INFO  - Selecting Chennai used cars
10:04:15.464 [main] INFO  - **** Starting TC_002_UsedCar ****
10:04:15.466 [main] INFO  - Navigating to the homepage
10:04:15.484 [main] INFO  - Hovering over and selecting used cars
10:04:17.637 [main] INFO  - Selecting Chennai used cars
10:04:46.609 [main] INFO  - **** Starting TC_003_LoginSignup ****
10:04:46.611 [main] INFO  - Navigating to the homepage
10:04:51.710 [main] ERROR - Failed to navigate to the homepage!!!
10:05:04.644 [main] INFO  - Navigating to the Google Accounts sign in page
10:05:09.797 [main] ERROR - Failed to navigate to the Google Accounts sign in page!!!
